[2017-06-21 07:09:35] local.ERROR: Illuminate\Http\Exceptions\PostTooLargeException in E:\For Codding\Web Coding\For PHP codding\shanta\semister-project\vendor\laravel\framework\src\Illuminate\Foundation\Http\Middleware\ValidatePostSize.php:24
Stack trace:
#0 E:\For Codding\Web Coding\For PHP codding\shanta\semister-project\vendor\laravel\framework\src\Illuminate\Pipeline\Pipeline.php(148): Illuminate\Foundation\Http\Middleware\ValidatePostSize->handle(Object(Illuminate\Http\Request), Object(Closure))
#1 E:\For Codding\Web Coding\For PHP codding\shanta\semister-project\vendor\laravel\framework\src\Illuminate\Routing\Pipeline.php(53): Illuminate\Pipeline\Pipeline->Illuminate\Pipeline\{closure}(Object(Illuminate\Http\Request))
#2 E:\For Codding\Web Coding\For PHP codding\shanta\semister-project\vendor\laravel\framework\src\Illuminate\Foundation\Http\Middleware\CheckForMaintenanceMode.php(46): Illuminate\Routing\Pipeline->Illuminate\Routing\{closure}(Object(Illuminate\Http\Request))
#3 E:\For Codding\Web Coding\For PHP codding\shanta\semister-project\vendor\laravel\framework\src\Illuminate\Pipeline\Pipeline.php(148): Illuminate\Foundation\Http\Middleware\CheckForMaintenanceMode->handle(Object(Illuminate\Http\Request), Object(Closure))
#4 E:\For Codding\Web Coding\For PHP codding\shanta\semister-project\vendor\laravel\framework\src\Illuminate\Routing\Pipeline.php(53): Illuminate\Pipeline\Pipeline->Illuminate\Pipeline\{closure}(Object(Illuminate\Http\Request))
#5 E:\For Codding\Web Coding\For PHP codding\shanta\semister-project\vendor\laravel\framework\src\Illuminate\Pipeline\Pipeline.php(102): Illuminate\Routing\Pipeline->Illuminate\Routing\{closure}(Object(Illuminate\Http\Request))
#6 E:\For Codding\Web Coding\For PHP codding\shanta\semister-project\vendor\laravel\framework\src\Illuminate\Foundation\Http\Kernel.php(149): Illuminate\Pipeline\Pipeline->then(Object(Closure))
#7 E:\For Codding\Web Coding\For PHP codding\shanta\semister-project\vendor\laravel\framework\src\Illuminate\Foundation\Http\Kernel.php(116): Illuminate\Foundation\Http\Kernel->sendRequestThroughRouter(Object(Illuminate\Http\Request))
#8 E:\For Codding\Web Coding\For PHP codding\shanta\semister-project\public\index.php(53): Illuminate\Foundation\Http\Kernel->handle(Object(Illuminate\Http\Request))
#9 E:\For Codding\Web Coding\For PHP codding\shanta\semister-project\server.php(21): require_once('E:\\For Codding\\...')
#10 {main}  
[2017-06-21 07:09:53] local.ERROR: Illuminate\Http\Exceptions\PostTooLargeException in E:\For Codding\Web Coding\For PHP codding\shanta\semister-project\vendor\laravel\framework\src\Illuminate\Foundation\Http\Middleware\ValidatePostSize.php:24
Stack trace:
#0 E:\For Codding\Web Coding\For PHP codding\shanta\semister-project\vendor\laravel\framework\src\Illuminate\Pipeline\Pipeline.php(148): Illuminate\Foundation\Http\Middleware\ValidatePostSize->handle(Object(Illuminate\Http\Request), Object(Closure))
#1 E:\For Codding\Web Coding\For PHP codding\shanta\semister-project\vendor\laravel\framework\src\Illuminate\Routing\Pipeline.php(53): Illuminate\Pipeline\Pipeline->Illuminate\Pipeline\{closure}(Object(Illuminate\Http\Request))
#2 E:\For Codding\Web Coding\For PHP codding\shanta\semister-project\vendor\laravel\framework\src\Illuminate\Foundation\Http\Middleware\CheckForMaintenanceMode.php(46): Illuminate\Routing\Pipeline->Illuminate\Routing\{closure}(Object(Illuminate\Http\Request))
#3 E:\For Codding\Web Coding\For PHP codding\shanta\semister-project\vendor\laravel\framework\src\Illuminate\Pipeline\Pipeline.php(148): Illuminate\Foundation\Http\Middleware\CheckForMaintenanceMode->handle(Object(Illuminate\Http\Request), Object(Closure))
#4 E:\For Codding\Web Coding\For PHP codding\shanta\semister-project\vendor\laravel\framework\src\Illuminate\Routing\Pipeline.php(53): Illuminate\Pipeline\Pipeline->Illuminate\Pipeline\{closure}(Object(Illuminate\Http\Request))
#5 E:\For Codding\Web Coding\For PHP codding\shanta\semister-project\vendor\laravel\framework\src\Illuminate\Pipeline\Pipeline.php(102): Illuminate\Routing\Pipeline->Illuminate\Routing\{closure}(Object(Illuminate\Http\Request))
#6 E:\For Codding\Web Coding\For PHP codding\shanta\semister-project\vendor\laravel\framework\src\Illuminate\Foundation\Http\Kernel.php(149): Illuminate\Pipeline\Pipeline->then(Object(Closure))
#7 E:\For Codding\Web Coding\For PHP codding\shanta\semister-project\vendor\laravel\framework\src\Illuminate\Foundation\Http\Kernel.php(116): Illuminate\Foundation\Http\Kernel->sendRequestThroughRouter(Object(Illuminate\Http\Request))
#8 E:\For Codding\Web Coding\For PHP codding\shanta\semister-project\public\index.php(53): Illuminate\Foundation\Http\Kernel->handle(Object(Illuminate\Http\Request))
#9 E:\For Codding\Web Coding\For PHP codding\shanta\semister-project\server.php(21): require_once('E:\\For Codding\\...')
#10 {main}  
[2017-06-21 07:10:07] local.ERROR: Illuminate\Http\Exceptions\PostTooLargeException in E:\For Codding\Web Coding\For PHP codding\shanta\semister-project\vendor\laravel\framework\src\Illuminate\Foundation\Http\Middleware\ValidatePostSize.php:24
Stack trace:
#0 E:\For Codding\Web Coding\For PHP codding\shanta\semister-project\vendor\laravel\framework\src\Illuminate\Pipeline\Pipeline.php(148): Illuminate\Foundation\Http\Middleware\ValidatePostSize->handle(Object(Illuminate\Http\Request), Object(Closure))
#1 E:\For Codding\Web Coding\For PHP codding\shanta\semister-project\vendor\laravel\framework\src\Illuminate\Routing\Pipeline.php(53): Illuminate\Pipeline\Pipeline->Illuminate\Pipeline\{closure}(Object(Illuminate\Http\Request))
#2 E:\For Codding\Web Coding\For PHP codding\shanta\semister-project\vendor\laravel\framework\src\Illuminate\Foundation\Http\Middleware\CheckForMaintenanceMode.php(46): Illuminate\Routing\Pipeline->Illuminate\Routing\{closure}(Object(Illuminate\Http\Request))
#3 E:\For Codding\Web Coding\For PHP codding\shanta\semister-project\vendor\laravel\framework\src\Illuminate\Pipeline\Pipeline.php(148): Illuminate\Foundation\Http\Middleware\CheckForMaintenanceMode->handle(Object(Illuminate\Http\Request), Object(Closure))
#4 E:\For Codding\Web Coding\For PHP codding\shanta\semister-project\vendor\laravel\framework\src\Illuminate\Routing\Pipeline.php(53): Illuminate\Pipeline\Pipeline->Illuminate\Pipeline\{closure}(Object(Illuminate\Http\Request))
#5 E:\For Codding\Web Coding\For PHP codding\shanta\semister-project\vendor\laravel\framework\src\Illuminate\Pipeline\Pipeline.php(102): Illuminate\Routing\Pipeline->Illuminate\Routing\{closure}(Object(Illuminate\Http\Request))
#6 E:\For Codding\Web Coding\For PHP codding\shanta\semister-project\vendor\laravel\framework\src\Illuminate\Foundation\Http\Kernel.php(149): Illuminate\Pipeline\Pipeline->then(Object(Closure))
#7 E:\For Codding\Web Coding\For PHP codding\shanta\semister-project\vendor\laravel\framework\src\Illuminate\Foundation\Http\Kernel.php(116): Illuminate\Foundation\Http\Kernel->sendRequestThroughRouter(Object(Illuminate\Http\Request))
#8 E:\For Codding\Web Coding\For PHP codding\shanta\semister-project\public\index.php(53): Illuminate\Foundation\Http\Kernel->handle(Object(Illuminate\Http\Request))
#9 E:\For Codding\Web Coding\For PHP codding\shanta\semister-project\server.php(21): require_once('E:\\For Codding\\...')
#10 {main}  
[2017-06-21 07:12:45] local.ERROR: Symfony\Component\Debug\Exception\FatalThrowableError: Call to a member function getClientOriginalName() on null in E:\For Codding\Web Coding\For PHP codding\shanta\semister-project\app\Http\Controllers\FileController.php:43
Stack trace:
#0 [internal function]: App\Http\Controllers\FileController->store(Object(Illuminate\Http\Request))
#1 E:\For Codding\Web Coding\For PHP codding\shanta\semister-project\vendor\laravel\framework\src\Illuminate\Routing\Controller.php(55): call_user_func_array(Array, Array)
#2 E:\For Codding\Web Coding\For PHP codding\shanta\semister-project\vendor\laravel\framework\src\Illuminate\Routing\ControllerDispatcher.php(44): Illuminate\Routing\Controller->callAction('store', Array)
#3 E:\For Codding\Web Coding\For PHP codding\shanta\semister-project\vendor\laravel\framework\src\Illuminate\Routing\Route.php(203): Illuminate\Routing\ControllerDispatcher->dispatch(Object(Illuminate\Routing\Route), Object(App\Http\Controllers\FileController), 'store')
#4 E:\For Codding\Web Coding\For PHP codding\shanta\semister-project\vendor\laravel\framework\src\Illuminate\Routing\Route.php(160): Illuminate\Routing\Route->runController()
#5 E:\For Codding\Web Coding\For PHP codding\shanta\semister-project\vendor\laravel\framework\src\Illuminate\Routing\Router.php(574): Illuminate\Routing\Route->run()
#6 E:\For Codding\Web Coding\For PHP codding\shanta\semister-project\vendor\laravel\framework\src\Illuminate\Routing\Pipeline.php(30): Illuminate\Routing\Router->Illuminate\Routing\{closure}(Object(Illuminate\Http\Request))
#7 E:\For Codding\Web Coding\For PHP codding\shanta\semister-project\vendor\laravel\framework\src\Illuminate\Routing\Middleware\SubstituteBindings.php(41): Illuminate\Routing\Pipeline->Illuminate\Routing\{closure}(Object(Illuminate\Http\Request))
#8 E:\For Codding\Web Coding\For PHP codding\shanta\semister-project\vendor\laravel\framework\src\Illuminate\Pipeline\Pipeline.php(148): Illuminate\Routing\Middleware\SubstituteBindings->handle(Object(Illuminate\Http\Request), Object(Closure))
#9 E:\For Codding\Web Coding\For PHP codding\shanta\semister-project\vendor\laravel\framework\src\Illuminate\Routing\Pipeline.php(53): Illuminate\Pipeline\Pipeline->Illuminate\Pipeline\{closure}(Object(Illuminate\Http\Request))
#10 E:\For Codding\Web Coding\For PHP codding\shanta\semister-project\vendor\laravel\framework\src\Illuminate\Foundation\Http\Middleware\VerifyCsrfToken.php(65): Illuminate\Routing\Pipeline->Illuminate\Routing\{closure}(Object(Illuminate\Http\Request))
#11 E:\For Codding\Web Coding\For PHP codding\shanta\semister-project\vendor\laravel\framework\src\Illuminate\Pipeline\Pipeline.php(148): Illuminate\Foundation\Http\Middleware\VerifyCsrfToken->handle(Object(Illuminate\Http\Request), Object(Closure))
#12 E:\For Codding\Web Coding\For PHP codding\shanta\semister-project\vendor\laravel\framework\src\Illuminate\Routing\Pipeline.php(53): Illuminate\Pipeline\Pipeline->Illuminate\Pipeline\{closure}(Object(Illuminate\Http\Request))
#13 E:\For Codding\Web Coding\For PHP codding\shanta\semister-project\vendor\laravel\framework\src\Illuminate\View\Middleware\ShareErrorsFromSession.php(49): Illuminate\Routing\Pipeline->Illuminate\Routing\{closure}(Object(Illuminate\Http\Request))
#14 E:\For Codding\Web Coding\For PHP codding\shanta\semister-project\vendor\laravel\framework\src\Illuminate\Pipeline\Pipeline.php(148): Illuminate\View\Middleware\ShareErrorsFromSession->handle(Object(Illuminate\Http\Request), Object(Closure))
#15 E:\For Codding\Web Coding\For PHP codding\shanta\semister-project\vendor\laravel\framework\src\Illuminate\Routing\Pipeline.php(53): Illuminate\Pipeline\Pipeline->Illuminate\Pipeline\{closure}(Object(Illuminate\Http\Request))
#16 E:\For Codding\Web Coding\For PHP codding\shanta\semister-project\vendor\laravel\framework\src\Illuminate\Session\Middleware\StartSession.php(64): Illuminate\Routing\Pipeline->Illuminate\Routing\{closure}(Object(Illuminate\Http\Request))
#17 E:\For Codding\Web Coding\For PHP codding\shanta\semister-project\vendor\laravel\framework\src\Illuminate\Pipeline\Pipeline.php(148): Illuminate\Session\Middleware\StartSession->handle(Object(Illuminate\Http\Request), Object(Closure))
#18 E:\For Codding\Web Coding\For PHP codding\shanta\semister-project\vendor\laravel\framework\src\Illuminate\Routing\Pipeline.php(53): Illuminate\Pipeline\Pipeline->Illuminate\Pipeline\{closure}(Object(Illuminate\Http\Request))
#19 E:\For Codding\Web Coding\For PHP codding\shanta\semister-project\vendor\laravel\framework\src\Illuminate\Cookie\Middleware\AddQueuedCookiesToResponse.php(37): Illuminate\Routing\Pipeline->Illuminate\Routing\{closure}(Object(Illuminate\Http\Request))
#20 E:\For Codding\Web Coding\For PHP codding\shanta\semister-project\vendor\laravel\framework\src\Illuminate\Pipeline\Pipeline.php(148): Illuminate\Cookie\Middleware\AddQueuedCookiesToResponse->handle(Object(Illuminate\Http\Request), Object(Closure))
#21 E:\For Codding\Web Coding\For PHP codding\shanta\semister-project\vendor\laravel\framework\src\Illuminate\Routing\Pipeline.php(53): Illuminate\Pipeline\Pipeline->Illuminate\Pipeline\{closure}(Object(Illuminate\Http\Request))
#22 E:\For Codding\Web Coding\For PHP codding\shanta\semister-project\vendor\laravel\framework\src\Illuminate\Cookie\Middleware\EncryptCookies.php(59): Illuminate\Routing\Pipeline->Illuminate\Routing\{closure}(Object(Illuminate\Http\Request))
#23 E:\For Codding\Web Coding\For PHP codding\shanta\semister-project\vendor\laravel\framework\src\Illuminate\Pipeline\Pipeline.php(148): Illuminate\Cookie\Middleware\EncryptCookies->handle(Object(Illuminate\Http\Request), Object(Closure))
#24 E:\For Codding\Web Coding\For PHP codding\shanta\semister-project\vendor\laravel\framework\src\Illuminate\Routing\Pipeline.php(53): Illuminate\Pipeline\Pipeline->Illuminate\Pipeline\{closure}(Object(Illuminate\Http\Request))
#25 E:\For Codding\Web Coding\For PHP codding\shanta\semister-project\vendor\laravel\framework\src\Illuminate\Pipeline\Pipeline.php(102): Illuminate\Routing\Pipeline->Illuminate\Routing\{closure}(Object(Illuminate\Http\Request))
#26 E:\For Codding\Web Coding\For PHP codding\shanta\semister-project\vendor\laravel\framework\src\Illuminate\Routing\Router.php(576): Illuminate\Pipeline\Pipeline->then(Object(Closure))
#27 E:\For Codding\Web Coding\For PHP codding\shanta\semister-project\vendor\laravel\framework\src\Illuminate\Routing\Router.php(535): Illuminate\Routing\Router->runRouteWithinStack(Object(Illuminate\Routing\Route), Object(Illuminate\Http\Request))
#28 E:\For Codding\Web Coding\For PHP codding\shanta\semister-project\vendor\laravel\framework\src\Illuminate\Routing\Router.php(513): Illuminate\Routing\Router->dispatchToRoute(Object(Illuminate\Http\Request))
#29 E:\For Codding\Web Coding\For PHP codding\shanta\semister-project\vendor\laravel\framework\src\Illuminate\Foundation\Http\Kernel.php(174): Illuminate\Routing\Router->dispatch(Object(Illuminate\Http\Request))
#30 E:\For Codding\Web Coding\For PHP codding\shanta\semister-project\vendor\laravel\framework\src\Illuminate\Routing\Pipeline.php(30): Illuminate\Foundation\Http\Kernel->Illuminate\Foundation\Http\{closure}(Object(Illuminate\Http\Request))
#31 E:\For Codding\Web Coding\For PHP codding\shanta\semister-project\vendor\laravel\framework\src\Illuminate\Foundation\Http\Middleware\TransformsRequest.php(30): Illuminate\Routing\Pipeline->Illuminate\Routing\{closure}(Object(Illuminate\Http\Request))
#32 E:\For Codding\Web Coding\For PHP codding\shanta\semister-project\vendor\laravel\framework\src\Illuminate\Pipeline\Pipeline.php(148): Illuminate\Foundation\Http\Middleware\TransformsRequest->handle(Object(Illuminate\Http\Request), Object(Closure))
#33 E:\For Codding\Web Coding\For PHP codding\shanta\semister-project\vendor\laravel\framework\src\Illuminate\Routing\Pipeline.php(53): Illuminate\Pipeline\Pipeline->Illuminate\Pipeline\{closure}(Object(Illuminate\Http\Request))
#34 E:\For Codding\Web Coding\For PHP codding\shanta\semister-project\vendor\laravel\framework\src\Illuminate\Foundation\Http\Middleware\TransformsRequest.php(30): Illuminate\Routing\Pipeline->Illuminate\Routing\{closure}(Object(Illuminate\Http\Request))
#35 E:\For Codding\Web Coding\For PHP codding\shanta\semister-project\vendor\laravel\framework\src\Illuminate\Pipeline\Pipeline.php(148): Illuminate\Foundation\Http\Middleware\TransformsRequest->handle(Object(Illuminate\Http\Request), Object(Closure))
#36 E:\For Codding\Web Coding\For PHP codding\shanta\semister-project\vendor\laravel\framework\src\Illuminate\Routing\Pipeline.php(53): Illuminate\Pipeline\Pipeline->Illuminate\Pipeline\{closure}(Object(Illuminate\Http\Request))
#37 E:\For Codding\Web Coding\For PHP codding\shanta\semister-project\vendor\laravel\framework\src\Illuminate\Foundation\Http\Middleware\ValidatePostSize.php(27): Illuminate\Routing\Pipeline->Illuminate\Routing\{closure}(Object(Illuminate\Http\Request))
#38 E:\For Codding\Web Coding\For PHP codding\shanta\semister-project\vendor\laravel\framework\src\Illuminate\Pipeline\Pipeline.php(148): Illuminate\Foundation\Http\Middleware\ValidatePostSize->handle(Object(Illuminate\Http\Request), Object(Closure))
#39 E:\For Codding\Web Coding\For PHP codding\shanta\semister-project\vendor\laravel\framework\src\Illuminate\Routing\Pipeline.php(53): Illuminate\Pipeline\Pipeline->Illuminate\Pipeline\{closure}(Object(Illuminate\Http\Request))
#40 E:\For Codding\Web Coding\For PHP codding\shanta\semister-project\vendor\laravel\framework\src\Illuminate\Foundation\Http\Middleware\CheckForMaintenanceMode.php(46): Illuminate\Routing\Pipeline->Illuminate\Routing\{closure}(Object(Illuminate\Http\Request))
#41 E:\For Codding\Web Coding\For PHP codding\shanta\semister-project\vendor\laravel\framework\src\Illuminate\Pipeline\Pipeline.php(148): Illuminate\Foundation\Http\Middleware\CheckForMaintenanceMode->handle(Object(Illuminate\Http\Request), Object(Closure))
#42 E:\For Codding\Web Coding\For PHP codding\shanta\semister-project\vendor\laravel\framework\src\Illuminate\Routing\Pipeline.php(53): Illuminate\Pipeline\Pipeline->Illuminate\Pipeline\{closure}(Object(Illuminate\Http\Request))
#43 E:\For Codding\Web Coding\For PHP codding\shanta\semister-project\vendor\laravel\framework\src\Illuminate\Pipeline\Pipeline.php(102): Illuminate\Routing\Pipeline->Illuminate\Routing\{closure}(Object(Illuminate\Http\Request))
#44 E:\For Codding\Web Coding\For PHP codding\shanta\semister-project\vendor\laravel\framework\src\Illuminate\Foundation\Http\Kernel.php(149): Illuminate\Pipeline\Pipeline->then(Object(Closure))
#45 E:\For Codding\Web Coding\For PHP codding\shanta\semister-project\vendor\laravel\framework\src\Illuminate\Foundation\Http\Kernel.php(116): Illuminate\Foundation\Http\Kernel->sendRequestThroughRouter(Object(Illuminate\Http\Request))
#46 E:\For Codding\Web Coding\For PHP codding\shanta\semister-project\public\index.php(53): Illuminate\Foundation\Http\Kernel->handle(Object(Illuminate\Http\Request))
#47 E:\For Codding\Web Coding\For PHP codding\shanta\semister-project\server.php(21): require_once('E:\\For Codding\\...')
#48 {main}  
[2017-06-21 07:14:47] local.ERROR: PDOException: SQLSTATE[42S02]: Base table or view not found: 1146 Table 'shanta_semister_project.files' doesn't exist in E:\For Codding\Web Coding\For PHP codding\shanta\semister-project\vendor\laravel\framework\src\Illuminate\Database\Connection.php:445
Stack trace:
#0 E:\For Codding\Web Coding\For PHP codding\shanta\semister-project\vendor\laravel\framework\src\Illuminate\Database\Connection.php(445): PDO->prepare('insert into `fi...')
#1 E:\For Codding\Web Coding\For PHP codding\shanta\semister-project\vendor\laravel\framework\src\Illuminate\Database\Connection.php(640): Illuminate\Database\Connection->Illuminate\Database\{closure}('insert into `fi...', Array)
#2 E:\For Codding\Web Coding\For PHP codding\shanta\semister-project\vendor\laravel\framework\src\Illuminate\Database\Connection.php(607): Illuminate\Database\Connection->runQueryCallback('insert into `fi...', Array, Object(Closure))
#3 E:\For Codding\Web Coding\For PHP codding\shanta\semister-project\vendor\laravel\framework\src\Illuminate\Database\Connection.php(450): Illuminate\Database\Connection->run('insert into `fi...', Array, Object(Closure))
#4 E:\For Codding\Web Coding\For PHP codding\shanta\semister-project\vendor\laravel\framework\src\Illuminate\Database\Connection.php(404): Illuminate\Database\Connection->statement('insert into `fi...', Array)
#5 E:\For Codding\Web Coding\For PHP codding\shanta\semister-project\vendor\laravel\framework\src\Illuminate\Database\Query\Processors\Processor.php(32): Illuminate\Database\Connection->insert('insert into `fi...', Array)
#6 E:\For Codding\Web Coding\For PHP codding\shanta\semister-project\vendor\laravel\framework\src\Illuminate\Database\Query\Builder.php(2138): Illuminate\Database\Query\Processors\Processor->processInsertGetId(Object(Illuminate\Database\Query\Builder), 'insert into `fi...', Array, 'id')
#7 E:\For Codding\Web Coding\For PHP codding\shanta\semister-project\vendor\laravel\framework\src\Illuminate\Database\Eloquent\Builder.php(1247): Illuminate\Database\Query\Builder->insertGetId(Array, 'id')
#8 E:\For Codding\Web Coding\For PHP codding\shanta\semister-project\vendor\laravel\framework\src\Illuminate\Database\Eloquent\Model.php(684): Illuminate\Database\Eloquent\Builder->__call('insertGetId', Array)
#9 E:\For Codding\Web Coding\For PHP codding\shanta\semister-project\vendor\laravel\framework\src\Illuminate\Database\Eloquent\Model.php(649): Illuminate\Database\Eloquent\Model->insertAndSetId(Object(Illuminate\Database\Eloquent\Builder), Array)
#10 E:\For Codding\Web Coding\For PHP codding\shanta\semister-project\vendor\laravel\framework\src\Illuminate\Database\Eloquent\Model.php(518): Illuminate\Database\Eloquent\Model->performInsert(Object(Illuminate\Database\Eloquent\Builder))
#11 E:\For Codding\Web Coding\For PHP codding\shanta\semister-project\app\Http\Controllers\FileController.php(64): Illuminate\Database\Eloquent\Model->save()
#12 [internal function]: App\Http\Controllers\FileController->store(Object(Illuminate\Http\Request))
#13 E:\For Codding\Web Coding\For PHP codding\shanta\semister-project\vendor\laravel\framework\src\Illuminate\Routing\Controller.php(55): call_user_func_array(Array, Array)
#14 E:\For Codding\Web Coding\For PHP codding\shanta\semister-project\vendor\laravel\framework\src\Illuminate\Routing\ControllerDispatcher.php(44): Illuminate\Routing\Controller->callAction('store', Array)
#15 E:\For Codding\Web Coding\For PHP codding\shanta\semister-project\vendor\laravel\framework\src\Illuminate\Routing\Route.php(203): Illuminate\Routing\ControllerDispatcher->dispatch(Object(Illuminate\Routing\Route), Object(App\Http\Controllers\FileController), 'store')
#16 E:\For Codding\Web Coding\For PHP codding\shanta\semister-project\vendor\laravel\framework\src\Illuminate\Routing\Route.php(160): Illuminate\Routing\Route->runController()
#17 E:\For Codding\Web Coding\For PHP codding\shanta\semister-project\vendor\laravel\framework\src\Illuminate\Routing\Router.php(574): Illuminate\Routing\Route->run()
#18 E:\For Codding\Web Coding\For PHP codding\shanta\semister-project\vendor\laravel\framework\src\Illuminate\Routing\Pipeline.php(30): Illuminate\Routing\Router->Illuminate\Routing\{closure}(Object(Illuminate\Http\Request))
#19 E:\For Codding\Web Coding\For PHP codding\shanta\semister-project\vendor\laravel\framework\src\Illuminate\Routing\Middleware\SubstituteBindings.php(41): Illuminate\Routing\Pipeline->Illuminate\Routing\{closure}(Object(Illuminate\Http\Request))
#20 E:\For Codding\Web Coding\For PHP codding\shanta\semister-project\vendor\laravel\framework\src\Illuminate\Pipeline\Pipeline.php(148): Illuminate\Routing\Middleware\SubstituteBindings->handle(Object(Illuminate\Http\Request), Object(Closure))
#21 E:\For Codding\Web Coding\For PHP codding\shanta\semister-project\vendor\laravel\framework\src\Illuminate\Routing\Pipeline.php(53): Illuminate\Pipeline\Pipeline->Illuminate\Pipeline\{closure}(Object(Illuminate\Http\Request))
#22 E:\For Codding\Web Coding\For PHP codding\shanta\semister-project\vendor\laravel\framework\src\Illuminate\Foundation\Http\Middleware\VerifyCsrfToken.php(65): Illuminate\Routing\Pipeline->Illuminate\Routing\{closure}(Object(Illuminate\Http\Request))
#23 E:\For Codding\Web Coding\For PHP codding\shanta\semister-project\vendor\laravel\framework\src\Illuminate\Pipeline\Pipeline.php(148): Illuminate\Foundation\Http\Middleware\VerifyCsrfToken->handle(Object(Illuminate\Http\Request), Object(Closure))
#24 E:\For Codding\Web Coding\For PHP codding\shanta\semister-project\vendor\laravel\framework\src\Illuminate\Routing\Pipeline.php(53): Illuminate\Pipeline\Pipeline->Illuminate\Pipeline\{closure}(Object(Illuminate\Http\Request))
#25 E:\For Codding\Web Coding\For PHP codding\shanta\semister-project\vendor\laravel\framework\src\Illuminate\View\Middleware\ShareErrorsFromSession.php(49): Illuminate\Routing\Pipeline->Illuminate\Routing\{closure}(Object(Illuminate\Http\Request))
#26 E:\For Codding\Web Coding\For PHP codding\shanta\semister-project\vendor\laravel\framework\src\Illuminate\Pipeline\Pipeline.php(148): Illuminate\View\Middleware\ShareErrorsFromSession->handle(Object(Illuminate\Http\Request), Object(Closure))
#27 E:\For Codding\Web Coding\For PHP codding\shanta\semister-project\vendor\laravel\framework\src\Illuminate\Routing\Pipeline.php(53): Illuminate\Pipeline\Pipeline->Illuminate\Pipeline\{closure}(Object(Illuminate\Http\Request))
#28 E:\For Codding\Web Coding\For PHP codding\shanta\semister-project\vendor\laravel\framework\src\Illuminate\Session\Middleware\StartSession.php(64): Illuminate\Routing\Pipeline->Illuminate\Routing\{closure}(Object(Illuminate\Http\Request))
#29 E:\For Codding\Web Coding\For PHP codding\shanta\semister-project\vendor\laravel\framework\src\Illuminate\Pipeline\Pipeline.php(148): Illuminate\Session\Middleware\StartSession->handle(Object(Illuminate\Http\Request), Object(Closure))
#30 E:\For Codding\Web Coding\For PHP codding\shanta\semister-project\vendor\laravel\framework\src\Illuminate\Routing\Pipeline.php(53): Illuminate\Pipeline\Pipeline->Illuminate\Pipeline\{closure}(Object(Illuminate\Http\Request))
#31 E:\For Codding\Web Coding\For PHP codding\shanta\semister-project\vendor\laravel\framework\src\Illuminate\Cookie\Middleware\AddQueuedCookiesToResponse.php(37): Illuminate\Routing\Pipeline->Illuminate\Routing\{closure}(Object(Illuminate\Http\Request))
#32 E:\For Codding\Web Coding\For PHP codding\shanta\semister-project\vendor\laravel\framework\src\Illuminate\Pipeline\Pipeline.php(148): Illuminate\Cookie\Middleware\AddQueuedCookiesToResponse->handle(Object(Illuminate\Http\Request), Object(Closure))
#33 E:\For Codding\Web Coding\For PHP codding\shanta\semister-project\vendor\laravel\framework\src\Illuminate\Routing\Pipeline.php(53): Illuminate\Pipeline\Pipeline->Illuminate\Pipeline\{closure}(Object(Illuminate\Http\Request))
#34 E:\For Codding\Web Coding\For PHP codding\shanta\semister-project\vendor\laravel\framework\src\Illuminate\Cookie\Middleware\EncryptCookies.php(59): Illuminate\Routing\Pipeline->Illuminate\Routing\{closure}(Object(Illuminate\Http\Request))
#35 E:\For Codding\Web Coding\For PHP codding\shanta\semister-project\vendor\laravel\framework\src\Illuminate\Pipeline\Pipeline.php(148): Illuminate\Cookie\Middleware\EncryptCookies->handle(Object(Illuminate\Http\Request), Object(Closure))
#36 E:\For Codding\Web Coding\For PHP codding\shanta\semister-project\vendor\laravel\framework\src\Illuminate\Routing\Pipeline.php(53): Illuminate\Pipeline\Pipeline->Illuminate\Pipeline\{closure}(Object(Illuminate\Http\Request))
#37 E:\For Codding\Web Coding\For PHP codding\shanta\semister-project\vendor\laravel\framework\src\Illuminate\Pipeline\Pipeline.php(102): Illuminate\Routing\Pipeline->Illuminate\Routing\{closure}(Object(Illuminate\Http\Request))
#38 E:\For Codding\Web Coding\For PHP codding\shanta\semister-project\vendor\laravel\framework\src\Illuminate\Routing\Router.php(576): Illuminate\Pipeline\Pipeline->then(Object(Closure))
#39 E:\For Codding\Web Coding\For PHP codding\shanta\semister-project\vendor\laravel\framework\src\Illuminate\Routing\Router.php(535): Illuminate\Routing\Router->runRouteWithinStack(Object(Illuminate\Routing\Route), Object(Illuminate\Http\Request))
#40 E:\For Codding\Web Coding\For PHP codding\shanta\semister-project\vendor\laravel\framework\src\Illuminate\Routing\Router.php(513): Illuminate\Routing\Router->dispatchToRoute(Object(Illuminate\Http\Request))
#41 E:\For Codding\Web Coding\For PHP codding\shanta\semister-project\vendor\laravel\framework\src\Illuminate\Foundation\Http\Kernel.php(174): Illuminate\Routing\Router->dispatch(Object(Illuminate\Http\Request))
#42 E:\For Codding\Web Coding\For PHP codding\shanta\semister-project\vendor\laravel\framework\src\Illuminate\Routing\Pipeline.php(30): Illuminate\Foundation\Http\Kernel->Illuminate\Foundation\Http\{closure}(Object(Illuminate\Http\Request))
#43 E:\For Codding\Web Coding\For PHP codding\shanta\semister-project\vendor\laravel\framework\src\Illuminate\Foundation\Http\Middleware\TransformsRequest.php(30): Illuminate\Routing\Pipeline->Illuminate\Routing\{closure}(Object(Illuminate\Http\Request))
#44 E:\For Codding\Web Coding\For PHP codding\shanta\semister-project\vendor\laravel\framework\src\Illuminate\Pipeline\Pipeline.php(148): Illuminate\Foundation\Http\Middleware\TransformsRequest->handle(Object(Illuminate\Http\Request), Object(Closure))
#45 E:\For Codding\Web Coding\For PHP codding\shanta\semister-project\vendor\laravel\framework\src\Illuminate\Routing\Pipeline.php(53): Illuminate\Pipeline\Pipeline->Illuminate\Pipeline\{closure}(Object(Illuminate\Http\Request))
#46 E:\For Codding\Web Coding\For PHP codding\shanta\semister-project\vendor\laravel\framework\src\Illuminate\Foundation\Http\Middleware\TransformsRequest.php(30): Illuminate\Routing\Pipeline->Illuminate\Routing\{closure}(Object(Illuminate\Http\Request))
#47 E:\For Codding\Web Coding\For PHP codding\shanta\semister-project\vendor\laravel\framework\src\Illuminate\Pipeline\Pipeline.php(148): Illuminate\Foundation\Http\Middleware\TransformsRequest->handle(Object(Illuminate\Http\Request), Object(Closure))
#48 E:\For Codding\Web Coding\For PHP codding\shanta\semister-project\vendor\laravel\framework\src\Illuminate\Routing\Pipeline.php(53): Illuminate\Pipeline\Pipeline->Illuminate\Pipeline\{closure}(Object(Illuminate\Http\Request))
#49 E:\For Codding\Web Coding\For PHP codding\shanta\semister-project\vendor\laravel\framework\src\Illuminate\Foundation\Http\Middleware\ValidatePostSize.php(27): Illuminate\Routing\Pipeline->Illuminate\Routing\{closure}(Object(Illuminate\Http\Request))
#50 E:\For Codding\Web Coding\For PHP codding\shanta\semister-project\vendor\laravel\framework\src\Illuminate\Pipeline\Pipeline.php(148): Illuminate\Foundation\Http\Middleware\ValidatePostSize->handle(Object(Illuminate\Http\Request), Object(Closure))
#51 E:\For Codding\Web Coding\For PHP codding\shanta\semister-project\vendor\laravel\framework\src\Illuminate\Routing\Pipeline.php(53): Illuminate\Pipeline\Pipeline->Illuminate\Pipeline\{closure}(Object(Illuminate\Http\Request))
#52 E:\For Codding\Web Coding\For PHP codding\shanta\semister-project\vendor\laravel\framework\src\Illuminate\Foundation\Http\Middleware\CheckForMaintenanceMode.php(46): Illuminate\Routing\Pipeline->Illuminate\Routing\{closure}(Object(Illuminate\Http\Request))
#53 E:\For Codding\Web Coding\For PHP codding\shanta\semister-project\vendor\laravel\framework\src\Illuminate\Pipeline\Pipeline.php(148): Illuminate\Foundation\Http\Middleware\CheckForMaintenanceMode->handle(Object(Illuminate\Http\Request), Object(Closure))
#54 E:\For Codding\Web Coding\For PHP codding\shanta\semister-project\vendor\laravel\framework\src\Illuminate\Routing\Pipeline.php(53): Illuminate\Pipeline\Pipeline->Illuminate\Pipeline\{closure}(Object(Illuminate\Http\Request))
#55 E:\For Codding\Web Coding\For PHP codding\shanta\semister-project\vendor\laravel\framework\src\Illuminate\Pipeline\Pipeline.php(102): Illuminate\Routing\Pipeline->Illuminate\Routing\{closure}(Object(Illuminate\Http\Request))
#56 E:\For Codding\Web Coding\For PHP codding\shanta\semister-project\vendor\laravel\framework\src\Illuminate\Foundation\Http\Kernel.php(149): Illuminate\Pipeline\Pipeline->then(Object(Closure))
#57 E:\For Codding\Web Coding\For PHP codding\shanta\semister-project\vendor\laravel\framework\src\Illuminate\Foundation\Http\Kernel.php(116): Illuminate\Foundation\Http\Kernel->sendRequestThroughRouter(Object(Illuminate\Http\Request))
#58 E:\For Codding\Web Coding\For PHP codding\shanta\semister-project\public\index.php(53): Illuminate\Foundation\Http\Kernel->handle(Object(Illuminate\Http\Request))
#59 E:\For Codding\Web Coding\For PHP codding\shanta\semister-project\server.php(21): require_once('E:\\For Codding\\...')
#60 {main}

Next Illuminate\Database\QueryException: SQLSTATE[42S02]: Base table or view not found: 1146 Table 'shanta_semister_project.files' doesn't exist (SQL: insert into `files` (`menuname`, `category`, `price`, `time`, `filename`, `filesize`, `updated_at`, `created_at`) values (, , , , IMG_20150718_144342.jpg, 547601, 2017-06-21 07:14:47, 2017-06-21 07:14:47)) in E:\For Codding\Web Coding\For PHP codding\shanta\semister-project\vendor\laravel\framework\src\Illuminate\Database\Connection.php:647
Stack trace:
#0 E:\For Codding\Web Coding\For PHP codding\shanta\semister-project\vendor\laravel\framework\src\Illuminate\Database\Connection.php(607): Illuminate\Database\Connection->runQueryCallback('insert into `fi...', Array, Object(Closure))
#1 E:\For Codding\Web Coding\For PHP codding\shanta\semister-project\vendor\laravel\framework\src\Illuminate\Database\Connection.php(450): Illuminate\Database\Connection->run('insert into `fi...', Array, Object(Closure))
#2 E:\For Codding\Web Coding\For PHP codding\shanta\semister-project\vendor\laravel\framework\src\Illuminate\Database\Connection.php(404): Illuminate\Database\Connection->statement('insert into `fi...', Array)
#3 E:\For Codding\Web Coding\For PHP codding\shanta\semister-project\vendor\laravel\framework\src\Illuminate\Database\Query\Processors\Processor.php(32): Illuminate\Database\Connection->insert('insert into `fi...', Array)
#4 E:\For Codding\Web Coding\For PHP codding\shanta\semister-project\vendor\laravel\framework\src\Illuminate\Database\Query\Builder.php(2138): Illuminate\Database\Query\Processors\Processor->processInsertGetId(Object(Illuminate\Database\Query\Builder), 'insert into `fi...', Array, 'id')
#5 E:\For Codding\Web Coding\For PHP codding\shanta\semister-project\vendor\laravel\framework\src\Illuminate\Database\Eloquent\Builder.php(1247): Illuminate\Database\Query\Builder->insertGetId(Array, 'id')
#6 E:\For Codding\Web Coding\For PHP codding\shanta\semister-project\vendor\laravel\framework\src\Illuminate\Database\Eloquent\Model.php(684): Illuminate\Database\Eloquent\Builder->__call('insertGetId', Array)
#7 E:\For Codding\Web Coding\For PHP codding\shanta\semister-project\vendor\laravel\framework\src\Illuminate\Database\Eloquent\Model.php(649): Illuminate\Database\Eloquent\Model->insertAndSetId(Object(Illuminate\Database\Eloquent\Builder), Array)
#8 E:\For Codding\Web Coding\For PHP codding\shanta\semister-project\vendor\laravel\framework\src\Illuminate\Database\Eloquent\Model.php(518): Illuminate\Database\Eloquent\Model->performInsert(Object(Illuminate\Database\Eloquent\Builder))
#9 E:\For Codding\Web Coding\For PHP codding\shanta\semister-project\app\Http\Controllers\FileController.php(64): Illuminate\Database\Eloquent\Model->save()
#10 [internal function]: App\Http\Controllers\FileController->store(Object(Illuminate\Http\Request))
#11 E:\For Codding\Web Coding\For PHP codding\shanta\semister-project\vendor\laravel\framework\src\Illuminate\Routing\Controller.php(55): call_user_func_array(Array, Array)
#12 E:\For Codding\Web Coding\For PHP codding\shanta\semister-project\vendor\laravel\framework\src\Illuminate\Routing\ControllerDispatcher.php(44): Illuminate\Routing\Controller->callAction('store', Array)
#13 E:\For Codding\Web Coding\For PHP codding\shanta\semister-project\vendor\laravel\framework\src\Illuminate\Routing\Route.php(203): Illuminate\Routing\ControllerDispatcher->dispatch(Object(Illuminate\Routing\Route), Object(App\Http\Controllers\FileController), 'store')
#14 E:\For Codding\Web Coding\For PHP codding\shanta\semister-project\vendor\laravel\framework\src\Illuminate\Routing\Route.php(160): Illuminate\Routing\Route->runController()
#15 E:\For Codding\Web Coding\For PHP codding\shanta\semister-project\vendor\laravel\framework\src\Illuminate\Routing\Router.php(574): Illuminate\Routing\Route->run()
#16 E:\For Codding\Web Coding\For PHP codding\shanta\semister-project\vendor\laravel\framework\src\Illuminate\Routing\Pipeline.php(30): Illuminate\Routing\Router->Illuminate\Routing\{closure}(Object(Illuminate\Http\Request))
#17 E:\For Codding\Web Coding\For PHP codding\shanta\semister-project\vendor\laravel\framework\src\Illuminate\Routing\Middleware\SubstituteBindings.php(41): Illuminate\Routing\Pipeline->Illuminate\Routing\{closure}(Object(Illuminate\Http\Request))
#18 E:\For Codding\Web Coding\For PHP codding\shanta\semister-project\vendor\laravel\framework\src\Illuminate\Pipeline\Pipeline.php(148): Illuminate\Routing\Middleware\SubstituteBindings->handle(Object(Illuminate\Http\Request), Object(Closure))
#19 E:\For Codding\Web Coding\For PHP codding\shanta\semister-project\vendor\laravel\framework\src\Illuminate\Routing\Pipeline.php(53): Illuminate\Pipeline\Pipeline->Illuminate\Pipeline\{closure}(Object(Illuminate\Http\Request))
#20 E:\For Codding\Web Coding\For PHP codding\shanta\semister-project\vendor\laravel\framework\src\Illuminate\Foundation\Http\Middleware\VerifyCsrfToken.php(65): Illuminate\Routing\Pipeline->Illuminate\Routing\{closure}(Object(Illuminate\Http\Request))
#21 E:\For Codding\Web Coding\For PHP codding\shanta\semister-project\vendor\laravel\framework\src\Illuminate\Pipeline\Pipeline.php(148): Illuminate\Foundation\Http\Middleware\VerifyCsrfToken->handle(Object(Illuminate\Http\Request), Object(Closure))
#22 E:\For Codding\Web Coding\For PHP codding\shanta\semister-project\vendor\laravel\framework\src\Illuminate\Routing\Pipeline.php(53): Illuminate\Pipeline\Pipeline->Illuminate\Pipeline\{closure}(Object(Illuminate\Http\Request))
#23 E:\For Codding\Web Coding\For PHP codding\shanta\semister-project\vendor\laravel\framework\src\Illuminate\View\Middleware\ShareErrorsFromSession.php(49): Illuminate\Routing\Pipeline->Illuminate\Routing\{closure}(Object(Illuminate\Http\Request))
#24 E:\For Codding\Web Coding\For PHP codding\shanta\semister-project\vendor\laravel\framework\src\Illuminate\Pipeline\Pipeline.php(148): Illuminate\View\Middleware\ShareErrorsFromSession->handle(Object(Illuminate\Http\Request), Object(Closure))
#25 E:\For Codding\Web Coding\For PHP codding\shanta\semister-project\vendor\laravel\framework\src\Illuminate\Routing\Pipeline.php(53): Illuminate\Pipeline\Pipeline->Illuminate\Pipeline\{closure}(Object(Illuminate\Http\Request))
#26 E:\For Codding\Web Coding\For PHP codding\shanta\semister-project\vendor\laravel\framework\src\Illuminate\Session\Middleware\StartSession.php(64): Illuminate\Routing\Pipeline->Illuminate\Routing\{closure}(Object(Illuminate\Http\Request))
#27 E:\For Codding\Web Coding\For PHP codding\shanta\semister-project\vendor\laravel\framework\src\Illuminate\Pipeline\Pipeline.php(148): Illuminate\Session\Middleware\StartSession->handle(Object(Illuminate\Http\Request), Object(Closure))
#28 E:\For Codding\Web Coding\For PHP codding\shanta\semister-project\vendor\laravel\framework\src\Illuminate\Routing\Pipeline.php(53): Illuminate\Pipeline\Pipeline->Illuminate\Pipeline\{closure}(Object(Illuminate\Http\Request))
#29 E:\For Codding\Web Coding\For PHP codding\shanta\semister-project\vendor\laravel\framework\src\Illuminate\Cookie\Middleware\AddQueuedCookiesToResponse.php(37): Illuminate\Routing\Pipeline->Illuminate\Routing\{closure}(Object(Illuminate\Http\Request))
#30 E:\For Codding\Web Coding\For PHP codding\shanta\semister-project\vendor\laravel\framework\src\Illuminate\Pipeline\Pipeline.php(148): Illuminate\Cookie\Middleware\AddQueuedCookiesToResponse->handle(Object(Illuminate\Http\Request), Object(Closure))
#31 E:\For Codding\Web Coding\For PHP codding\shanta\semister-project\vendor\laravel\framework\src\Illuminate\Routing\Pipeline.php(53): Illuminate\Pipeline\Pipeline->Illuminate\Pipeline\{closure}(Object(Illuminate\Http\Request))
#32 E:\For Codding\Web Coding\For PHP codding\shanta\semister-project\vendor\laravel\framework\src\Illuminate\Cookie\Middleware\EncryptCookies.php(59): Illuminate\Routing\Pipeline->Illuminate\Routing\{closure}(Object(Illuminate\Http\Request))
#33 E:\For Codding\Web Coding\For PHP codding\shanta\semister-project\vendor\laravel\framework\src\Illuminate\Pipeline\Pipeline.php(148): Illuminate\Cookie\Middleware\EncryptCookies->handle(Object(Illuminate\Http\Request), Object(Closure))
#34 E:\For Codding\Web Coding\For PHP codding\shanta\semister-project\vendor\laravel\framework\src\Illuminate\Routing\Pipeline.php(53): Illuminate\Pipeline\Pipeline->Illuminate\Pipeline\{closure}(Object(Illuminate\Http\Request))
#35 E:\For Codding\Web Coding\For PHP codding\shanta\semister-project\vendor\laravel\framework\src\Illuminate\Pipeline\Pipeline.php(102): Illuminate\Routing\Pipeline->Illuminate\Routing\{closure}(Object(Illuminate\Http\Request))
#36 E:\For Codding\Web Coding\For PHP codding\shanta\semister-project\vendor\laravel\framework\src\Illuminate\Routing\Router.php(576): Illuminate\Pipeline\Pipeline->then(Object(Closure))
#37 E:\For Codding\Web Coding\For PHP codding\shanta\semister-project\vendor\laravel\framework\src\Illuminate\Routing\Router.php(535): Illuminate\Routing\Router->runRouteWithinStack(Object(Illuminate\Routing\Route), Object(Illuminate\Http\Request))
#38 E:\For Codding\Web Coding\For PHP codding\shanta\semister-project\vendor\laravel\framework\src\Illuminate\Routing\Router.php(513): Illuminate\Routing\Router->dispatchToRoute(Object(Illuminate\Http\Request))
#39 E:\For Codding\Web Coding\For PHP codding\shanta\semister-project\vendor\laravel\framework\src\Illuminate\Foundation\Http\Kernel.php(174): Illuminate\Routing\Router->dispatch(Object(Illuminate\Http\Request))
#40 E:\For Codding\Web Coding\For PHP codding\shanta\semister-project\vendor\laravel\framework\src\Illuminate\Routing\Pipeline.php(30): Illuminate\Foundation\Http\Kernel->Illuminate\Foundation\Http\{closure}(Object(Illuminate\Http\Request))
#41 E:\For Codding\Web Coding\For PHP codding\shanta\semister-project\vendor\laravel\framework\src\Illuminate\Foundation\Http\Middleware\TransformsRequest.php(30): Illuminate\Routing\Pipeline->Illuminate\Routing\{closure}(Object(Illuminate\Http\Request))
#42 E:\For Codding\Web Coding\For PHP codding\shanta\semister-project\vendor\laravel\framework\src\Illuminate\Pipeline\Pipeline.php(148): Illuminate\Foundation\Http\Middleware\TransformsRequest->handle(Object(Illuminate\Http\Request), Object(Closure))
#43 E:\For Codding\Web Coding\For PHP codding\shanta\semister-project\vendor\laravel\framework\src\Illuminate\Routing\Pipeline.php(53): Illuminate\Pipeline\Pipeline->Illuminate\Pipeline\{closure}(Object(Illuminate\Http\Request))
#44 E:\For Codding\Web Coding\For PHP codding\shanta\semister-project\vendor\laravel\framework\src\Illuminate\Foundation\Http\Middleware\TransformsRequest.php(30): Illuminate\Routing\Pipeline->Illuminate\Routing\{closure}(Object(Illuminate\Http\Request))
#45 E:\For Codding\Web Coding\For PHP codding\shanta\semister-project\vendor\laravel\framework\src\Illuminate\Pipeline\Pipeline.php(148): Illuminate\Foundation\Http\Middleware\TransformsRequest->handle(Object(Illuminate\Http\Request), Object(Closure))
#46 E:\For Codding\Web Coding\For PHP codding\shanta\semister-project\vendor\laravel\framework\src\Illuminate\Routing\Pipeline.php(53): Illuminate\Pipeline\Pipeline->Illuminate\Pipeline\{closure}(Object(Illuminate\Http\Request))
#47 E:\For Codding\Web Coding\For PHP codding\shanta\semister-project\vendor\laravel\framework\src\Illuminate\Foundation\Http\Middleware\ValidatePostSize.php(27): Illuminate\Routing\Pipeline->Illuminate\Routing\{closure}(Object(Illuminate\Http\Request))
#48 E:\For Codding\Web Coding\For PHP codding\shanta\semister-project\vendor\laravel\framework\src\Illuminate\Pipeline\Pipeline.php(148): Illuminate\Foundation\Http\Middleware\ValidatePostSize->handle(Object(Illuminate\Http\Request), Object(Closure))
#49 E:\For Codding\Web Coding\For PHP codding\shanta\semister-project\vendor\laravel\framework\src\Illuminate\Routing\Pipeline.php(53): Illuminate\Pipeline\Pipeline->Illuminate\Pipeline\{closure}(Object(Illuminate\Http\Request))
#50 E:\For Codding\Web Coding\For PHP codding\shanta\semister-project\vendor\laravel\framework\src\Illuminate\Foundation\Http\Middleware\CheckForMaintenanceMode.php(46): Illuminate\Routing\Pipeline->Illuminate\Routing\{closure}(Object(Illuminate\Http\Request))
#51 E:\For Codding\Web Coding\For PHP codding\shanta\semister-project\vendor\laravel\framework\src\Illuminate\Pipeline\Pipeline.php(148): Illuminate\Foundation\Http\Middleware\CheckForMaintenanceMode->handle(Object(Illuminate\Http\Request), Object(Closure))
#52 E:\For Codding\Web Coding\For PHP codding\shanta\semister-project\vendor\laravel\framework\src\Illuminate\Routing\Pipeline.php(53): Illuminate\Pipeline\Pipeline->Illuminate\Pipeline\{closure}(Object(Illuminate\Http\Request))
#53 E:\For Codding\Web Coding\For PHP codding\shanta\semister-project\vendor\laravel\framework\src\Illuminate\Pipeline\Pipeline.php(102): Illuminate\Routing\Pipeline->Illuminate\Routing\{closure}(Object(Illuminate\Http\Request))
#54 E:\For Codding\Web Coding\For PHP codding\shanta\semister-project\vendor\laravel\framework\src\Illuminate\Foundation\Http\Kernel.php(149): Illuminate\Pipeline\Pipeline->then(Object(Closure))
#55 E:\For Codding\Web Coding\For PHP codding\shanta\semister-project\vendor\laravel\framework\src\Illuminate\Foundation\Http\Kernel.php(116): Illuminate\Foundation\Http\Kernel->sendRequestThroughRouter(Object(Illuminate\Http\Request))
#56 E:\For Codding\Web Coding\For PHP codding\shanta\semister-project\public\index.php(53): Illuminate\Foundation\Http\Kernel->handle(Object(Illuminate\Http\Request))
#57 E:\For Codding\Web Coding\For PHP codding\shanta\semister-project\server.php(21): require_once('E:\\For Codding\\...')
#58 {main}  
[2017-06-21 08:01:21] local.ERROR: Symfony\Component\Console\Exception\CommandNotFoundException: There are no commands defined in the "storate" namespace.

Did you mean this?
    storage in E:\For Codding\Web Coding\For PHP codding\shanta\semister-project\vendor\symfony\console\Application.php:533
Stack trace:
#0 E:\For Codding\Web Coding\For PHP codding\shanta\semister-project\vendor\symfony\console\Application.php(565): Symfony\Component\Console\Application->findNamespace('storate')
#1 E:\For Codding\Web Coding\For PHP codding\shanta\semister-project\vendor\symfony\console\Application.php(204): Symfony\Component\Console\Application->find('storate:link')
#2 E:\For Codding\Web Coding\For PHP codding\shanta\semister-project\vendor\symfony\console\Application.php(130): Symfony\Component\Console\Application->doRun(Object(Symfony\Component\Console\Input\ArgvInput), Object(Symfony\Component\Console\Output\ConsoleOutput))
#3 E:\For Codding\Web Coding\For PHP codding\shanta\semister-project\vendor\laravel\framework\src\Illuminate\Foundation\Console\Kernel.php(122): Symfony\Component\Console\Application->run(Object(Symfony\Component\Console\Input\ArgvInput), Object(Symfony\Component\Console\Output\ConsoleOutput))
#4 E:\For Codding\Web Coding\For PHP codding\shanta\semister-project\artisan(35): Illuminate\Foundation\Console\Kernel->handle(Object(Symfony\Component\Console\Input\ArgvInput), Object(Symfony\Component\Console\Output\ConsoleOutput))
#5 {main}  
[2017-06-21 08:11:02] local.ERROR: Symfony\Component\Debug\Exception\FatalThrowableError: Class 'App\Http\Controllers\Storage' not found in E:\For Codding\Web Coding\For PHP codding\shanta\semister-project\app\Http\Controllers\FileController.php:62
Stack trace:
#0 [internal function]: App\Http\Controllers\FileController->store(Object(Illuminate\Http\Request))
#1 E:\For Codding\Web Coding\For PHP codding\shanta\semister-project\vendor\laravel\framework\src\Illuminate\Routing\Controller.php(55): call_user_func_array(Array, Array)
#2 E:\For Codding\Web Coding\For PHP codding\shanta\semister-project\vendor\laravel\framework\src\Illuminate\Routing\ControllerDispatcher.php(44): Illuminate\Routing\Controller->callAction('store', Array)
#3 E:\For Codding\Web Coding\For PHP codding\shanta\semister-project\vendor\laravel\framework\src\Illuminate\Routing\Route.php(203): Illuminate\Routing\ControllerDispatcher->dispatch(Object(Illuminate\Routing\Route), Object(App\Http\Controllers\FileController), 'store')
#4 E:\For Codding\Web Coding\For PHP codding\shanta\semister-project\vendor\laravel\framework\src\Illuminate\Routing\Route.php(160): Illuminate\Routing\Route->runController()
#5 E:\For Codding\Web Coding\For PHP codding\shanta\semister-project\vendor\laravel\framework\src\Illuminate\Routing\Router.php(574): Illuminate\Routing\Route->run()
#6 E:\For Codding\Web Coding\For PHP codding\shanta\semister-project\vendor\laravel\framework\src\Illuminate\Routing\Pipeline.php(30): Illuminate\Routing\Router->Illuminate\Routing\{closure}(Object(Illuminate\Http\Request))
#7 E:\For Codding\Web Coding\For PHP codding\shanta\semister-project\vendor\laravel\framework\src\Illuminate\Routing\Middleware\SubstituteBindings.php(41): Illuminate\Routing\Pipeline->Illuminate\Routing\{closure}(Object(Illuminate\Http\Request))
#8 E:\For Codding\Web Coding\For PHP codding\shanta\semister-project\vendor\laravel\framework\src\Illuminate\Pipeline\Pipeline.php(148): Illuminate\Routing\Middleware\SubstituteBindings->handle(Object(Illuminate\Http\Request), Object(Closure))
#9 E:\For Codding\Web Coding\For PHP codding\shanta\semister-project\vendor\laravel\framework\src\Illuminate\Routing\Pipeline.php(53): Illuminate\Pipeline\Pipeline->Illuminate\Pipeline\{closure}(Object(Illuminate\Http\Request))
#10 E:\For Codding\Web Coding\For PHP codding\shanta\semister-project\vendor\laravel\framework\src\Illuminate\Foundation\Http\Middleware\VerifyCsrfToken.php(65): Illuminate\Routing\Pipeline->Illuminate\Routing\{closure}(Object(Illuminate\Http\Request))
#11 E:\For Codding\Web Coding\For PHP codding\shanta\semister-project\vendor\laravel\framework\src\Illuminate\Pipeline\Pipeline.php(148): Illuminate\Foundation\Http\Middleware\VerifyCsrfToken->handle(Object(Illuminate\Http\Request), Object(Closure))
#12 E:\For Codding\Web Coding\For PHP codding\shanta\semister-project\vendor\laravel\framework\src\Illuminate\Routing\Pipeline.php(53): Illuminate\Pipeline\Pipeline->Illuminate\Pipeline\{closure}(Object(Illuminate\Http\Request))
#13 E:\For Codding\Web Coding\For PHP codding\shanta\semister-project\vendor\laravel\framework\src\Illuminate\View\Middleware\ShareErrorsFromSession.php(49): Illuminate\Routing\Pipeline->Illuminate\Routing\{closure}(Object(Illuminate\Http\Request))
#14 E:\For Codding\Web Coding\For PHP codding\shanta\semister-project\vendor\laravel\framework\src\Illuminate\Pipeline\Pipeline.php(148): Illuminate\View\Middleware\ShareErrorsFromSession->handle(Object(Illuminate\Http\Request), Object(Closure))
#15 E:\For Codding\Web Coding\For PHP codding\shanta\semister-project\vendor\laravel\framework\src\Illuminate\Routing\Pipeline.php(53): Illuminate\Pipeline\Pipeline->Illuminate\Pipeline\{closure}(Object(Illuminate\Http\Request))
#16 E:\For Codding\Web Coding\For PHP codding\shanta\semister-project\vendor\laravel\framework\src\Illuminate\Session\Middleware\StartSession.php(64): Illuminate\Routing\Pipeline->Illuminate\Routing\{closure}(Object(Illuminate\Http\Request))
#17 E:\For Codding\Web Coding\For PHP codding\shanta\semister-project\vendor\laravel\framework\src\Illuminate\Pipeline\Pipeline.php(148): Illuminate\Session\Middleware\StartSession->handle(Object(Illuminate\Http\Request), Object(Closure))
#18 E:\For Codding\Web Coding\For PHP codding\shanta\semister-project\vendor\laravel\framework\src\Illuminate\Routing\Pipeline.php(53): Illuminate\Pipeline\Pipeline->Illuminate\Pipeline\{closure}(Object(Illuminate\Http\Request))
#19 E:\For Codding\Web Coding\For PHP codding\shanta\semister-project\vendor\laravel\framework\src\Illuminate\Cookie\Middleware\AddQueuedCookiesToResponse.php(37): Illuminate\Routing\Pipeline->Illuminate\Routing\{closure}(Object(Illuminate\Http\Request))
#20 E:\For Codding\Web Coding\For PHP codding\shanta\semister-project\vendor\laravel\framework\src\Illuminate\Pipeline\Pipeline.php(148): Illuminate\Cookie\Middleware\AddQueuedCookiesToResponse->handle(Object(Illuminate\Http\Request), Object(Closure))
#21 E:\For Codding\Web Coding\For PHP codding\shanta\semister-project\vendor\laravel\framework\src\Illuminate\Routing\Pipeline.php(53): Illuminate\Pipeline\Pipeline->Illuminate\Pipeline\{closure}(Object(Illuminate\Http\Request))
#22 E:\For Codding\Web Coding\For PHP codding\shanta\semister-project\vendor\laravel\framework\src\Illuminate\Cookie\Middleware\EncryptCookies.php(59): Illuminate\Routing\Pipeline->Illuminate\Routing\{closure}(Object(Illuminate\Http\Request))
#23 E:\For Codding\Web Coding\For PHP codding\shanta\semister-project\vendor\laravel\framework\src\Illuminate\Pipeline\Pipeline.php(148): Illuminate\Cookie\Middleware\EncryptCookies->handle(Object(Illuminate\Http\Request), Object(Closure))
#24 E:\For Codding\Web Coding\For PHP codding\shanta\semister-project\vendor\laravel\framework\src\Illuminate\Routing\Pipeline.php(53): Illuminate\Pipeline\Pipeline->Illuminate\Pipeline\{closure}(Object(Illuminate\Http\Request))
#25 E:\For Codding\Web Coding\For PHP codding\shanta\semister-project\vendor\laravel\framework\src\Illuminate\Pipeline\Pipeline.php(102): Illuminate\Routing\Pipeline->Illuminate\Routing\{closure}(Object(Illuminate\Http\Request))
#26 E:\For Codding\Web Coding\For PHP codding\shanta\semister-project\vendor\laravel\framework\src\Illuminate\Routing\Router.php(576): Illuminate\Pipeline\Pipeline->then(Object(Closure))
#27 E:\For Codding\Web Coding\For PHP codding\shanta\semister-project\vendor\laravel\framework\src\Illuminate\Routing\Router.php(535): Illuminate\Routing\Router->runRouteWithinStack(Object(Illuminate\Routing\Route), Object(Illuminate\Http\Request))
#28 E:\For Codding\Web Coding\For PHP codding\shanta\semister-project\vendor\laravel\framework\src\Illuminate\Routing\Router.php(513): Illuminate\Routing\Router->dispatchToRoute(Object(Illuminate\Http\Request))
#29 E:\For Codding\Web Coding\For PHP codding\shanta\semister-project\vendor\laravel\framework\src\Illuminate\Foundation\Http\Kernel.php(174): Illuminate\Routing\Router->dispatch(Object(Illuminate\Http\Request))
#30 E:\For Codding\Web Coding\For PHP codding\shanta\semister-project\vendor\laravel\framework\src\Illuminate\Routing\Pipeline.php(30): Illuminate\Foundation\Http\Kernel->Illuminate\Foundation\Http\{closure}(Object(Illuminate\Http\Request))
#31 E:\For Codding\Web Coding\For PHP codding\shanta\semister-project\vendor\laravel\framework\src\Illuminate\Foundation\Http\Middleware\TransformsRequest.php(30): Illuminate\Routing\Pipeline->Illuminate\Routing\{closure}(Object(Illuminate\Http\Request))
#32 E:\For Codding\Web Coding\For PHP codding\shanta\semister-project\vendor\laravel\framework\src\Illuminate\Pipeline\Pipeline.php(148): Illuminate\Foundation\Http\Middleware\TransformsRequest->handle(Object(Illuminate\Http\Request), Object(Closure))
#33 E:\For Codding\Web Coding\For PHP codding\shanta\semister-project\vendor\laravel\framework\src\Illuminate\Routing\Pipeline.php(53): Illuminate\Pipeline\Pipeline->Illuminate\Pipeline\{closure}(Object(Illuminate\Http\Request))
#34 E:\For Codding\Web Coding\For PHP codding\shanta\semister-project\vendor\laravel\framework\src\Illuminate\Foundation\Http\Middleware\TransformsRequest.php(30): Illuminate\Routing\Pipeline->Illuminate\Routing\{closure}(Object(Illuminate\Http\Request))
#35 E:\For Codding\Web Coding\For PHP codding\shanta\semister-project\vendor\laravel\framework\src\Illuminate\Pipeline\Pipeline.php(148): Illuminate\Foundation\Http\Middleware\TransformsRequest->handle(Object(Illuminate\Http\Request), Object(Closure))
#36 E:\For Codding\Web Coding\For PHP codding\shanta\semister-project\vendor\laravel\framework\src\Illuminate\Routing\Pipeline.php(53): Illuminate\Pipeline\Pipeline->Illuminate\Pipeline\{closure}(Object(Illuminate\Http\Request))
#37 E:\For Codding\Web Coding\For PHP codding\shanta\semister-project\vendor\laravel\framework\src\Illuminate\Foundation\Http\Middleware\ValidatePostSize.php(27): Illuminate\Routing\Pipeline->Illuminate\Routing\{closure}(Object(Illuminate\Http\Request))
#38 E:\For Codding\Web Coding\For PHP codding\shanta\semister-project\vendor\laravel\framework\src\Illuminate\Pipeline\Pipeline.php(148): Illuminate\Foundation\Http\Middleware\ValidatePostSize->handle(Object(Illuminate\Http\Request), Object(Closure))
#39 E:\For Codding\Web Coding\For PHP codding\shanta\semister-project\vendor\laravel\framework\src\Illuminate\Routing\Pipeline.php(53): Illuminate\Pipeline\Pipeline->Illuminate\Pipeline\{closure}(Object(Illuminate\Http\Request))
#40 E:\For Codding\Web Coding\For PHP codding\shanta\semister-project\vendor\laravel\framework\src\Illuminate\Foundation\Http\Middleware\CheckForMaintenanceMode.php(46): Illuminate\Routing\Pipeline->Illuminate\Routing\{closure}(Object(Illuminate\Http\Request))
#41 E:\For Codding\Web Coding\For PHP codding\shanta\semister-project\vendor\laravel\framework\src\Illuminate\Pipeline\Pipeline.php(148): Illuminate\Foundation\Http\Middleware\CheckForMaintenanceMode->handle(Object(Illuminate\Http\Request), Object(Closure))
#42 E:\For Codding\Web Coding\For PHP codding\shanta\semister-project\vendor\laravel\framework\src\Illuminate\Routing\Pipeline.php(53): Illuminate\Pipeline\Pipeline->Illuminate\Pipeline\{closure}(Object(Illuminate\Http\Request))
#43 E:\For Codding\Web Coding\For PHP codding\shanta\semister-project\vendor\laravel\framework\src\Illuminate\Pipeline\Pipeline.php(102): Illuminate\Routing\Pipeline->Illuminate\Routing\{closure}(Object(Illuminate\Http\Request))
#44 E:\For Codding\Web Coding\For PHP codding\shanta\semister-project\vendor\laravel\framework\src\Illuminate\Foundation\Http\Kernel.php(149): Illuminate\Pipeline\Pipeline->then(Object(Closure))
#45 E:\For Codding\Web Coding\For PHP codding\shanta\semister-project\vendor\laravel\framework\src\Illuminate\Foundation\Http\Kernel.php(116): Illuminate\Foundation\Http\Kernel->sendRequestThroughRouter(Object(Illuminate\Http\Request))
#46 E:\For Codding\Web Coding\For PHP codding\shanta\semister-project\public\index.php(53): Illuminate\Foundation\Http\Kernel->handle(Object(Illuminate\Http\Request))
#47 E:\For Codding\Web Coding\For PHP codding\shanta\semister-project\server.php(21): require_once('E:\\For Codding\\...')
#48 {main}  
[2017-06-21 08:11:26] local.ERROR: Symfony\Component\Debug\Exception\FatalThrowableError: Class 'App\Http\Controllers\Storage' not found in E:\For Codding\Web Coding\For PHP codding\shanta\semister-project\app\Http\Controllers\FileController.php:62
Stack trace:
#0 [internal function]: App\Http\Controllers\FileController->store(Object(Illuminate\Http\Request))
#1 E:\For Codding\Web Coding\For PHP codding\shanta\semister-project\vendor\laravel\framework\src\Illuminate\Routing\Controller.php(55): call_user_func_array(Array, Array)
#2 E:\For Codding\Web Coding\For PHP codding\shanta\semister-project\vendor\laravel\framework\src\Illuminate\Routing\ControllerDispatcher.php(44): Illuminate\Routing\Controller->callAction('store', Array)
#3 E:\For Codding\Web Coding\For PHP codding\shanta\semister-project\vendor\laravel\framework\src\Illuminate\Routing\Route.php(203): Illuminate\Routing\ControllerDispatcher->dispatch(Object(Illuminate\Routing\Route), Object(App\Http\Controllers\FileController), 'store')
#4 E:\For Codding\Web Coding\For PHP codding\shanta\semister-project\vendor\laravel\framework\src\Illuminate\Routing\Route.php(160): Illuminate\Routing\Route->runController()
#5 E:\For Codding\Web Coding\For PHP codding\shanta\semister-project\vendor\laravel\framework\src\Illuminate\Routing\Router.php(574): Illuminate\Routing\Route->run()
#6 E:\For Codding\Web Coding\For PHP codding\shanta\semister-project\vendor\laravel\framework\src\Illuminate\Routing\Pipeline.php(30): Illuminate\Routing\Router->Illuminate\Routing\{closure}(Object(Illuminate\Http\Request))
#7 E:\For Codding\Web Coding\For PHP codding\shanta\semister-project\vendor\laravel\framework\src\Illuminate\Routing\Middleware\SubstituteBindings.php(41): Illuminate\Routing\Pipeline->Illuminate\Routing\{closure}(Object(Illuminate\Http\Request))
#8 E:\For Codding\Web Coding\For PHP codding\shanta\semister-project\vendor\laravel\framework\src\Illuminate\Pipeline\Pipeline.php(148): Illuminate\Routing\Middleware\SubstituteBindings->handle(Object(Illuminate\Http\Request), Object(Closure))
#9 E:\For Codding\Web Coding\For PHP codding\shanta\semister-project\vendor\laravel\framework\src\Illuminate\Routing\Pipeline.php(53): Illuminate\Pipeline\Pipeline->Illuminate\Pipeline\{closure}(Object(Illuminate\Http\Request))
#10 E:\For Codding\Web Coding\For PHP codding\shanta\semister-project\vendor\laravel\framework\src\Illuminate\Foundation\Http\Middleware\VerifyCsrfToken.php(65): Illuminate\Routing\Pipeline->Illuminate\Routing\{closure}(Object(Illuminate\Http\Request))
#11 E:\For Codding\Web Coding\For PHP codding\shanta\semister-project\vendor\laravel\framework\src\Illuminate\Pipeline\Pipeline.php(148): Illuminate\Foundation\Http\Middleware\VerifyCsrfToken->handle(Object(Illuminate\Http\Request), Object(Closure))
#12 E:\For Codding\Web Coding\For PHP codding\shanta\semister-project\vendor\laravel\framework\src\Illuminate\Routing\Pipeline.php(53): Illuminate\Pipeline\Pipeline->Illuminate\Pipeline\{closure}(Object(Illuminate\Http\Request))
#13 E:\For Codding\Web Coding\For PHP codding\shanta\semister-project\vendor\laravel\framework\src\Illuminate\View\Middleware\ShareErrorsFromSession.php(49): Illuminate\Routing\Pipeline->Illuminate\Routing\{closure}(Object(Illuminate\Http\Request))
#14 E:\For Codding\Web Coding\For PHP codding\shanta\semister-project\vendor\laravel\framework\src\Illuminate\Pipeline\Pipeline.php(148): Illuminate\View\Middleware\ShareErrorsFromSession->handle(Object(Illuminate\Http\Request), Object(Closure))
#15 E:\For Codding\Web Coding\For PHP codding\shanta\semister-project\vendor\laravel\framework\src\Illuminate\Routing\Pipeline.php(53): Illuminate\Pipeline\Pipeline->Illuminate\Pipeline\{closure}(Object(Illuminate\Http\Request))
#16 E:\For Codding\Web Coding\For PHP codding\shanta\semister-project\vendor\laravel\framework\src\Illuminate\Session\Middleware\StartSession.php(64): Illuminate\Routing\Pipeline->Illuminate\Routing\{closure}(Object(Illuminate\Http\Request))
#17 E:\For Codding\Web Coding\For PHP codding\shanta\semister-project\vendor\laravel\framework\src\Illuminate\Pipeline\Pipeline.php(148): Illuminate\Session\Middleware\StartSession->handle(Object(Illuminate\Http\Request), Object(Closure))
#18 E:\For Codding\Web Coding\For PHP codding\shanta\semister-project\vendor\laravel\framework\src\Illuminate\Routing\Pipeline.php(53): Illuminate\Pipeline\Pipeline->Illuminate\Pipeline\{closure}(Object(Illuminate\Http\Request))
#19 E:\For Codding\Web Coding\For PHP codding\shanta\semister-project\vendor\laravel\framework\src\Illuminate\Cookie\Middleware\AddQueuedCookiesToResponse.php(37): Illuminate\Routing\Pipeline->Illuminate\Routing\{closure}(Object(Illuminate\Http\Request))
#20 E:\For Codding\Web Coding\For PHP codding\shanta\semister-project\vendor\laravel\framework\src\Illuminate\Pipeline\Pipeline.php(148): Illuminate\Cookie\Middleware\AddQueuedCookiesToResponse->handle(Object(Illuminate\Http\Request), Object(Closure))
#21 E:\For Codding\Web Coding\For PHP codding\shanta\semister-project\vendor\laravel\framework\src\Illuminate\Routing\Pipeline.php(53): Illuminate\Pipeline\Pipeline->Illuminate\Pipeline\{closure}(Object(Illuminate\Http\Request))
#22 E:\For Codding\Web Coding\For PHP codding\shanta\semister-project\vendor\laravel\framework\src\Illuminate\Cookie\Middleware\EncryptCookies.php(59): Illuminate\Routing\Pipeline->Illuminate\Routing\{closure}(Object(Illuminate\Http\Request))
#23 E:\For Codding\Web Coding\For PHP codding\shanta\semister-project\vendor\laravel\framework\src\Illuminate\Pipeline\Pipeline.php(148): Illuminate\Cookie\Middleware\EncryptCookies->handle(Object(Illuminate\Http\Request), Object(Closure))
#24 E:\For Codding\Web Coding\For PHP codding\shanta\semister-project\vendor\laravel\framework\src\Illuminate\Routing\Pipeline.php(53): Illuminate\Pipeline\Pipeline->Illuminate\Pipeline\{closure}(Object(Illuminate\Http\Request))
#25 E:\For Codding\Web Coding\For PHP codding\shanta\semister-project\vendor\laravel\framework\src\Illuminate\Pipeline\Pipeline.php(102): Illuminate\Routing\Pipeline->Illuminate\Routing\{closure}(Object(Illuminate\Http\Request))
#26 E:\For Codding\Web Coding\For PHP codding\shanta\semister-project\vendor\laravel\framework\src\Illuminate\Routing\Router.php(576): Illuminate\Pipeline\Pipeline->then(Object(Closure))
#27 E:\For Codding\Web Coding\For PHP codding\shanta\semister-project\vendor\laravel\framework\src\Illuminate\Routing\Router.php(535): Illuminate\Routing\Router->runRouteWithinStack(Object(Illuminate\Routing\Route), Object(Illuminate\Http\Request))
#28 E:\For Codding\Web Coding\For PHP codding\shanta\semister-project\vendor\laravel\framework\src\Illuminate\Routing\Router.php(513): Illuminate\Routing\Router->dispatchToRoute(Object(Illuminate\Http\Request))
#29 E:\For Codding\Web Coding\For PHP codding\shanta\semister-project\vendor\laravel\framework\src\Illuminate\Foundation\Http\Kernel.php(174): Illuminate\Routing\Router->dispatch(Object(Illuminate\Http\Request))
#30 E:\For Codding\Web Coding\For PHP codding\shanta\semister-project\vendor\laravel\framework\src\Illuminate\Routing\Pipeline.php(30): Illuminate\Foundation\Http\Kernel->Illuminate\Foundation\Http\{closure}(Object(Illuminate\Http\Request))
#31 E:\For Codding\Web Coding\For PHP codding\shanta\semister-project\vendor\laravel\framework\src\Illuminate\Foundation\Http\Middleware\TransformsRequest.php(30): Illuminate\Routing\Pipeline->Illuminate\Routing\{closure}(Object(Illuminate\Http\Request))
#32 E:\For Codding\Web Coding\For PHP codding\shanta\semister-project\vendor\laravel\framework\src\Illuminate\Pipeline\Pipeline.php(148): Illuminate\Foundation\Http\Middleware\TransformsRequest->handle(Object(Illuminate\Http\Request), Object(Closure))
#33 E:\For Codding\Web Coding\For PHP codding\shanta\semister-project\vendor\laravel\framework\src\Illuminate\Routing\Pipeline.php(53): Illuminate\Pipeline\Pipeline->Illuminate\Pipeline\{closure}(Object(Illuminate\Http\Request))
#34 E:\For Codding\Web Coding\For PHP codding\shanta\semister-project\vendor\laravel\framework\src\Illuminate\Foundation\Http\Middleware\TransformsRequest.php(30): Illuminate\Routing\Pipeline->Illuminate\Routing\{closure}(Object(Illuminate\Http\Request))
#35 E:\For Codding\Web Coding\For PHP codding\shanta\semister-project\vendor\laravel\framework\src\Illuminate\Pipeline\Pipeline.php(148): Illuminate\Foundation\Http\Middleware\TransformsRequest->handle(Object(Illuminate\Http\Request), Object(Closure))
#36 E:\For Codding\Web Coding\For PHP codding\shanta\semister-project\vendor\laravel\framework\src\Illuminate\Routing\Pipeline.php(53): Illuminate\Pipeline\Pipeline->Illuminate\Pipeline\{closure}(Object(Illuminate\Http\Request))
#37 E:\For Codding\Web Coding\For PHP codding\shanta\semister-project\vendor\laravel\framework\src\Illuminate\Foundation\Http\Middleware\ValidatePostSize.php(27): Illuminate\Routing\Pipeline->Illuminate\Routing\{closure}(Object(Illuminate\Http\Request))
#38 E:\For Codding\Web Coding\For PHP codding\shanta\semister-project\vendor\laravel\framework\src\Illuminate\Pipeline\Pipeline.php(148): Illuminate\Foundation\Http\Middleware\ValidatePostSize->handle(Object(Illuminate\Http\Request), Object(Closure))
#39 E:\For Codding\Web Coding\For PHP codding\shanta\semister-project\vendor\laravel\framework\src\Illuminate\Routing\Pipeline.php(53): Illuminate\Pipeline\Pipeline->Illuminate\Pipeline\{closure}(Object(Illuminate\Http\Request))
#40 E:\For Codding\Web Coding\For PHP codding\shanta\semister-project\vendor\laravel\framework\src\Illuminate\Foundation\Http\Middleware\CheckForMaintenanceMode.php(46): Illuminate\Routing\Pipeline->Illuminate\Routing\{closure}(Object(Illuminate\Http\Request))
#41 E:\For Codding\Web Coding\For PHP codding\shanta\semister-project\vendor\laravel\framework\src\Illuminate\Pipeline\Pipeline.php(148): Illuminate\Foundation\Http\Middleware\CheckForMaintenanceMode->handle(Object(Illuminate\Http\Request), Object(Closure))
#42 E:\For Codding\Web Coding\For PHP codding\shanta\semister-project\vendor\laravel\framework\src\Illuminate\Routing\Pipeline.php(53): Illuminate\Pipeline\Pipeline->Illuminate\Pipeline\{closure}(Object(Illuminate\Http\Request))
#43 E:\For Codding\Web Coding\For PHP codding\shanta\semister-project\vendor\laravel\framework\src\Illuminate\Pipeline\Pipeline.php(102): Illuminate\Routing\Pipeline->Illuminate\Routing\{closure}(Object(Illuminate\Http\Request))
#44 E:\For Codding\Web Coding\For PHP codding\shanta\semister-project\vendor\laravel\framework\src\Illuminate\Foundation\Http\Kernel.php(149): Illuminate\Pipeline\Pipeline->then(Object(Closure))
#45 E:\For Codding\Web Coding\For PHP codding\shanta\semister-project\vendor\laravel\framework\src\Illuminate\Foundation\Http\Kernel.php(116): Illuminate\Foundation\Http\Kernel->sendRequestThroughRouter(Object(Illuminate\Http\Request))
#46 E:\For Codding\Web Coding\For PHP codding\shanta\semister-project\public\index.php(53): Illuminate\Foundation\Http\Kernel->handle(Object(Illuminate\Http\Request))
#47 E:\For Codding\Web Coding\For PHP codding\shanta\semister-project\server.php(21): require_once('E:\\For Codding\\...')
#48 {main}  
[2017-06-21 08:42:05] local.ERROR: ErrorException: Trying to get property of non-object in E:\For Codding\Web Coding\For PHP codding\shanta\semister-project\storage\framework\views\fe799d4ca148518e2e7566b7a233b6bfaa22b9cd.php:15
Stack trace:
#0 E:\For Codding\Web Coding\For PHP codding\shanta\semister-project\storage\framework\views\fe799d4ca148518e2e7566b7a233b6bfaa22b9cd.php(15): Illuminate\Foundation\Bootstrap\HandleExceptions->handleError(8, 'Trying to get p...', 'E:\\For Codding\\...', 15, Array)
#1 E:\For Codding\Web Coding\For PHP codding\shanta\semister-project\vendor\laravel\framework\src\Illuminate\View\Engines\PhpEngine.php(42): include('E:\\For Codding\\...')
#2 E:\For Codding\Web Coding\For PHP codding\shanta\semister-project\vendor\laravel\framework\src\Illuminate\View\Engines\CompilerEngine.php(59): Illuminate\View\Engines\PhpEngine->evaluatePath('E:\\For Codding\\...', Array)
#3 E:\For Codding\Web Coding\For PHP codding\shanta\semister-project\vendor\laravel\framework\src\Illuminate\View\View.php(137): Illuminate\View\Engines\CompilerEngine->get('E:\\For Codding\\...', Array)
#4 E:\For Codding\Web Coding\For PHP codding\shanta\semister-project\vendor\laravel\framework\src\Illuminate\View\View.php(120): Illuminate\View\View->getContents()
#5 E:\For Codding\Web Coding\For PHP codding\shanta\semister-project\vendor\laravel\framework\src\Illuminate\View\View.php(85): Illuminate\View\View->renderContents()
#6 E:\For Codding\Web Coding\For PHP codding\shanta\semister-project\vendor\laravel\framework\src\Illuminate\Http\Response.php(38): Illuminate\View\View->render()
#7 E:\For Codding\Web Coding\For PHP codding\shanta\semister-project\vendor\symfony\http-foundation\Response.php(201): Illuminate\Http\Response->setContent(Object(Illuminate\View\View))
#8 E:\For Codding\Web Coding\For PHP codding\shanta\semister-project\vendor\laravel\framework\src\Illuminate\Routing\Router.php(617): Symfony\Component\HttpFoundation\Response->__construct(Object(Illuminate\View\View))
#9 E:\For Codding\Web Coding\For PHP codding\shanta\semister-project\vendor\laravel\framework\src\Illuminate\Routing\Router.php(574): Illuminate\Routing\Router->prepareResponse(Object(Illuminate\Http\Request), Object(Illuminate\View\View))
#10 E:\For Codding\Web Coding\For PHP codding\shanta\semister-project\vendor\laravel\framework\src\Illuminate\Routing\Pipeline.php(30): Illuminate\Routing\Router->Illuminate\Routing\{closure}(Object(Illuminate\Http\Request))
#11 E:\For Codding\Web Coding\For PHP codding\shanta\semister-project\vendor\laravel\framework\src\Illuminate\Routing\Middleware\SubstituteBindings.php(41): Illuminate\Routing\Pipeline->Illuminate\Routing\{closure}(Object(Illuminate\Http\Request))
#12 E:\For Codding\Web Coding\For PHP codding\shanta\semister-project\vendor\laravel\framework\src\Illuminate\Pipeline\Pipeline.php(148): Illuminate\Routing\Middleware\SubstituteBindings->handle(Object(Illuminate\Http\Request), Object(Closure))
#13 E:\For Codding\Web Coding\For PHP codding\shanta\semister-project\vendor\laravel\framework\src\Illuminate\Routing\Pipeline.php(53): Illuminate\Pipeline\Pipeline->Illuminate\Pipeline\{closure}(Object(Illuminate\Http\Request))
#14 E:\For Codding\Web Coding\For PHP codding\shanta\semister-project\vendor\laravel\framework\src\Illuminate\Foundation\Http\Middleware\VerifyCsrfToken.php(65): Illuminate\Routing\Pipeline->Illuminate\Routing\{closure}(Object(Illuminate\Http\Request))
#15 E:\For Codding\Web Coding\For PHP codding\shanta\semister-project\vendor\laravel\framework\src\Illuminate\Pipeline\Pipeline.php(148): Illuminate\Foundation\Http\Middleware\VerifyCsrfToken->handle(Object(Illuminate\Http\Request), Object(Closure))
#16 E:\For Codding\Web Coding\For PHP codding\shanta\semister-project\vendor\laravel\framework\src\Illuminate\Routing\Pipeline.php(53): Illuminate\Pipeline\Pipeline->Illuminate\Pipeline\{closure}(Object(Illuminate\Http\Request))
#17 E:\For Codding\Web Coding\For PHP codding\shanta\semister-project\vendor\laravel\framework\src\Illuminate\View\Middleware\ShareErrorsFromSession.php(49): Illuminate\Routing\Pipeline->Illuminate\Routing\{closure}(Object(Illuminate\Http\Request))
#18 E:\For Codding\Web Coding\For PHP codding\shanta\semister-project\vendor\laravel\framework\src\Illuminate\Pipeline\Pipeline.php(148): Illuminate\View\Middleware\ShareErrorsFromSession->handle(Object(Illuminate\Http\Request), Object(Closure))
#19 E:\For Codding\Web Coding\For PHP codding\shanta\semister-project\vendor\laravel\framework\src\Illuminate\Routing\Pipeline.php(53): Illuminate\Pipeline\Pipeline->Illuminate\Pipeline\{closure}(Object(Illuminate\Http\Request))
#20 E:\For Codding\Web Coding\For PHP codding\shanta\semister-project\vendor\laravel\framework\src\Illuminate\Session\Middleware\StartSession.php(64): Illuminate\Routing\Pipeline->Illuminate\Routing\{closure}(Object(Illuminate\Http\Request))
#21 E:\For Codding\Web Coding\For PHP codding\shanta\semister-project\vendor\laravel\framework\src\Illuminate\Pipeline\Pipeline.php(148): Illuminate\Session\Middleware\StartSession->handle(Object(Illuminate\Http\Request), Object(Closure))
#22 E:\For Codding\Web Coding\For PHP codding\shanta\semister-project\vendor\laravel\framework\src\Illuminate\Routing\Pipeline.php(53): Illuminate\Pipeline\Pipeline->Illuminate\Pipeline\{closure}(Object(Illuminate\Http\Request))
#23 E:\For Codding\Web Coding\For PHP codding\shanta\semister-project\vendor\laravel\framework\src\Illuminate\Cookie\Middleware\AddQueuedCookiesToResponse.php(37): Illuminate\Routing\Pipeline->Illuminate\Routing\{closure}(Object(Illuminate\Http\Request))
#24 E:\For Codding\Web Coding\For PHP codding\shanta\semister-project\vendor\laravel\framework\src\Illuminate\Pipeline\Pipeline.php(148): Illuminate\Cookie\Middleware\AddQueuedCookiesToResponse->handle(Object(Illuminate\Http\Request), Object(Closure))
#25 E:\For Codding\Web Coding\For PHP codding\shanta\semister-project\vendor\laravel\framework\src\Illuminate\Routing\Pipeline.php(53): Illuminate\Pipeline\Pipeline->Illuminate\Pipeline\{closure}(Object(Illuminate\Http\Request))
#26 E:\For Codding\Web Coding\For PHP codding\shanta\semister-project\vendor\laravel\framework\src\Illuminate\Cookie\Middleware\EncryptCookies.php(59): Illuminate\Routing\Pipeline->Illuminate\Routing\{closure}(Object(Illuminate\Http\Request))
#27 E:\For Codding\Web Coding\For PHP codding\shanta\semister-project\vendor\laravel\framework\src\Illuminate\Pipeline\Pipeline.php(148): Illuminate\Cookie\Middleware\EncryptCookies->handle(Object(Illuminate\Http\Request), Object(Closure))
#28 E:\For Codding\Web Coding\For PHP codding\shanta\semister-project\vendor\laravel\framework\src\Illuminate\Routing\Pipeline.php(53): Illuminate\Pipeline\Pipeline->Illuminate\Pipeline\{closure}(Object(Illuminate\Http\Request))
#29 E:\For Codding\Web Coding\For PHP codding\shanta\semister-project\vendor\laravel\framework\src\Illuminate\Pipeline\Pipeline.php(102): Illuminate\Routing\Pipeline->Illuminate\Routing\{closure}(Object(Illuminate\Http\Request))
#30 E:\For Codding\Web Coding\For PHP codding\shanta\semister-project\vendor\laravel\framework\src\Illuminate\Routing\Router.php(576): Illuminate\Pipeline\Pipeline->then(Object(Closure))
#31 E:\For Codding\Web Coding\For PHP codding\shanta\semister-project\vendor\laravel\framework\src\Illuminate\Routing\Router.php(535): Illuminate\Routing\Router->runRouteWithinStack(Object(Illuminate\Routing\Route), Object(Illuminate\Http\Request))
#32 E:\For Codding\Web Coding\For PHP codding\shanta\semister-project\vendor\laravel\framework\src\Illuminate\Routing\Router.php(513): Illuminate\Routing\Router->dispatchToRoute(Object(Illuminate\Http\Request))
#33 E:\For Codding\Web Coding\For PHP codding\shanta\semister-project\vendor\laravel\framework\src\Illuminate\Foundation\Http\Kernel.php(174): Illuminate\Routing\Router->dispatch(Object(Illuminate\Http\Request))
#34 E:\For Codding\Web Coding\For PHP codding\shanta\semister-project\vendor\laravel\framework\src\Illuminate\Routing\Pipeline.php(30): Illuminate\Foundation\Http\Kernel->Illuminate\Foundation\Http\{closure}(Object(Illuminate\Http\Request))
#35 E:\For Codding\Web Coding\For PHP codding\shanta\semister-project\vendor\laravel\framework\src\Illuminate\Foundation\Http\Middleware\TransformsRequest.php(30): Illuminate\Routing\Pipeline->Illuminate\Routing\{closure}(Object(Illuminate\Http\Request))
#36 E:\For Codding\Web Coding\For PHP codding\shanta\semister-project\vendor\laravel\framework\src\Illuminate\Pipeline\Pipeline.php(148): Illuminate\Foundation\Http\Middleware\TransformsRequest->handle(Object(Illuminate\Http\Request), Object(Closure))
#37 E:\For Codding\Web Coding\For PHP codding\shanta\semister-project\vendor\laravel\framework\src\Illuminate\Routing\Pipeline.php(53): Illuminate\Pipeline\Pipeline->Illuminate\Pipeline\{closure}(Object(Illuminate\Http\Request))
#38 E:\For Codding\Web Coding\For PHP codding\shanta\semister-project\vendor\laravel\framework\src\Illuminate\Foundation\Http\Middleware\TransformsRequest.php(30): Illuminate\Routing\Pipeline->Illuminate\Routing\{closure}(Object(Illuminate\Http\Request))
#39 E:\For Codding\Web Coding\For PHP codding\shanta\semister-project\vendor\laravel\framework\src\Illuminate\Pipeline\Pipeline.php(148): Illuminate\Foundation\Http\Middleware\TransformsRequest->handle(Object(Illuminate\Http\Request), Object(Closure))
#40 E:\For Codding\Web Coding\For PHP codding\shanta\semister-project\vendor\laravel\framework\src\Illuminate\Routing\Pipeline.php(53): Illuminate\Pipeline\Pipeline->Illuminate\Pipeline\{closure}(Object(Illuminate\Http\Request))
#41 E:\For Codding\Web Coding\For PHP codding\shanta\semister-project\vendor\laravel\framework\src\Illuminate\Foundation\Http\Middleware\ValidatePostSize.php(27): Illuminate\Routing\Pipeline->Illuminate\Routing\{closure}(Object(Illuminate\Http\Request))
#42 E:\For Codding\Web Coding\For PHP codding\shanta\semister-project\vendor\laravel\framework\src\Illuminate\Pipeline\Pipeline.php(148): Illuminate\Foundation\Http\Middleware\ValidatePostSize->handle(Object(Illuminate\Http\Request), Object(Closure))
#43 E:\For Codding\Web Coding\For PHP codding\shanta\semister-project\vendor\laravel\framework\src\Illuminate\Routing\Pipeline.php(53): Illuminate\Pipeline\Pipeline->Illuminate\Pipeline\{closure}(Object(Illuminate\Http\Request))
#44 E:\For Codding\Web Coding\For PHP codding\shanta\semister-project\vendor\laravel\framework\src\Illuminate\Foundation\Http\Middleware\CheckForMaintenanceMode.php(46): Illuminate\Routing\Pipeline->Illuminate\Routing\{closure}(Object(Illuminate\Http\Request))
#45 E:\For Codding\Web Coding\For PHP codding\shanta\semister-project\vendor\laravel\framework\src\Illuminate\Pipeline\Pipeline.php(148): Illuminate\Foundation\Http\Middleware\CheckForMaintenanceMode->handle(Object(Illuminate\Http\Request), Object(Closure))
#46 E:\For Codding\Web Coding\For PHP codding\shanta\semister-project\vendor\laravel\framework\src\Illuminate\Routing\Pipeline.php(53): Illuminate\Pipeline\Pipeline->Illuminate\Pipeline\{closure}(Object(Illuminate\Http\Request))
#47 E:\For Codding\Web Coding\For PHP codding\shanta\semister-project\vendor\laravel\framework\src\Illuminate\Pipeline\Pipeline.php(102): Illuminate\Routing\Pipeline->Illuminate\Routing\{closure}(Object(Illuminate\Http\Request))
#48 E:\For Codding\Web Coding\For PHP codding\shanta\semister-project\vendor\laravel\framework\src\Illuminate\Foundation\Http\Kernel.php(149): Illuminate\Pipeline\Pipeline->then(Object(Closure))
#49 E:\For Codding\Web Coding\For PHP codding\shanta\semister-project\vendor\laravel\framework\src\Illuminate\Foundation\Http\Kernel.php(116): Illuminate\Foundation\Http\Kernel->sendRequestThroughRouter(Object(Illuminate\Http\Request))
#50 E:\For Codding\Web Coding\For PHP codding\shanta\semister-project\public\index.php(53): Illuminate\Foundation\Http\Kernel->handle(Object(Illuminate\Http\Request))
#51 E:\For Codding\Web Coding\For PHP codding\shanta\semister-project\server.php(21): require_once('E:\\For Codding\\...')
#52 {main}

Next ErrorException: Trying to get property of non-object (View: E:\For Codding\Web Coding\For PHP codding\shanta\semister-project\resources\views\showProductImage.blade.php) in E:\For Codding\Web Coding\For PHP codding\shanta\semister-project\storage\framework\views\fe799d4ca148518e2e7566b7a233b6bfaa22b9cd.php:15
Stack trace:
#0 E:\For Codding\Web Coding\For PHP codding\shanta\semister-project\vendor\laravel\framework\src\Illuminate\View\Engines\PhpEngine.php(44): Illuminate\View\Engines\CompilerEngine->handleViewException(Object(ErrorException), 1)
#1 E:\For Codding\Web Coding\For PHP codding\shanta\semister-project\vendor\laravel\framework\src\Illuminate\View\Engines\CompilerEngine.php(59): Illuminate\View\Engines\PhpEngine->evaluatePath('E:\\For Codding\\...', Array)
#2 E:\For Codding\Web Coding\For PHP codding\shanta\semister-project\vendor\laravel\framework\src\Illuminate\View\View.php(137): Illuminate\View\Engines\CompilerEngine->get('E:\\For Codding\\...', Array)
#3 E:\For Codding\Web Coding\For PHP codding\shanta\semister-project\vendor\laravel\framework\src\Illuminate\View\View.php(120): Illuminate\View\View->getContents()
#4 E:\For Codding\Web Coding\For PHP codding\shanta\semister-project\vendor\laravel\framework\src\Illuminate\View\View.php(85): Illuminate\View\View->renderContents()
#5 E:\For Codding\Web Coding\For PHP codding\shanta\semister-project\vendor\laravel\framework\src\Illuminate\Http\Response.php(38): Illuminate\View\View->render()
#6 E:\For Codding\Web Coding\For PHP codding\shanta\semister-project\vendor\symfony\http-foundation\Response.php(201): Illuminate\Http\Response->setContent(Object(Illuminate\View\View))
#7 E:\For Codding\Web Coding\For PHP codding\shanta\semister-project\vendor\laravel\framework\src\Illuminate\Routing\Router.php(617): Symfony\Component\HttpFoundation\Response->__construct(Object(Illuminate\View\View))
#8 E:\For Codding\Web Coding\For PHP codding\shanta\semister-project\vendor\laravel\framework\src\Illuminate\Routing\Router.php(574): Illuminate\Routing\Router->prepareResponse(Object(Illuminate\Http\Request), Object(Illuminate\View\View))
#9 E:\For Codding\Web Coding\For PHP codding\shanta\semister-project\vendor\laravel\framework\src\Illuminate\Routing\Pipeline.php(30): Illuminate\Routing\Router->Illuminate\Routing\{closure}(Object(Illuminate\Http\Request))
#10 E:\For Codding\Web Coding\For PHP codding\shanta\semister-project\vendor\laravel\framework\src\Illuminate\Routing\Middleware\SubstituteBindings.php(41): Illuminate\Routing\Pipeline->Illuminate\Routing\{closure}(Object(Illuminate\Http\Request))
#11 E:\For Codding\Web Coding\For PHP codding\shanta\semister-project\vendor\laravel\framework\src\Illuminate\Pipeline\Pipeline.php(148): Illuminate\Routing\Middleware\SubstituteBindings->handle(Object(Illuminate\Http\Request), Object(Closure))
#12 E:\For Codding\Web Coding\For PHP codding\shanta\semister-project\vendor\laravel\framework\src\Illuminate\Routing\Pipeline.php(53): Illuminate\Pipeline\Pipeline->Illuminate\Pipeline\{closure}(Object(Illuminate\Http\Request))
#13 E:\For Codding\Web Coding\For PHP codding\shanta\semister-project\vendor\laravel\framework\src\Illuminate\Foundation\Http\Middleware\VerifyCsrfToken.php(65): Illuminate\Routing\Pipeline->Illuminate\Routing\{closure}(Object(Illuminate\Http\Request))
#14 E:\For Codding\Web Coding\For PHP codding\shanta\semister-project\vendor\laravel\framework\src\Illuminate\Pipeline\Pipeline.php(148): Illuminate\Foundation\Http\Middleware\VerifyCsrfToken->handle(Object(Illuminate\Http\Request), Object(Closure))
#15 E:\For Codding\Web Coding\For PHP codding\shanta\semister-project\vendor\laravel\framework\src\Illuminate\Routing\Pipeline.php(53): Illuminate\Pipeline\Pipeline->Illuminate\Pipeline\{closure}(Object(Illuminate\Http\Request))
#16 E:\For Codding\Web Coding\For PHP codding\shanta\semister-project\vendor\laravel\framework\src\Illuminate\View\Middleware\ShareErrorsFromSession.php(49): Illuminate\Routing\Pipeline->Illuminate\Routing\{closure}(Object(Illuminate\Http\Request))
#17 E:\For Codding\Web Coding\For PHP codding\shanta\semister-project\vendor\laravel\framework\src\Illuminate\Pipeline\Pipeline.php(148): Illuminate\View\Middleware\ShareErrorsFromSession->handle(Object(Illuminate\Http\Request), Object(Closure))
#18 E:\For Codding\Web Coding\For PHP codding\shanta\semister-project\vendor\laravel\framework\src\Illuminate\Routing\Pipeline.php(53): Illuminate\Pipeline\Pipeline->Illuminate\Pipeline\{closure}(Object(Illuminate\Http\Request))
#19 E:\For Codding\Web Coding\For PHP codding\shanta\semister-project\vendor\laravel\framework\src\Illuminate\Session\Middleware\StartSession.php(64): Illuminate\Routing\Pipeline->Illuminate\Routing\{closure}(Object(Illuminate\Http\Request))
#20 E:\For Codding\Web Coding\For PHP codding\shanta\semister-project\vendor\laravel\framework\src\Illuminate\Pipeline\Pipeline.php(148): Illuminate\Session\Middleware\StartSession->handle(Object(Illuminate\Http\Request), Object(Closure))
#21 E:\For Codding\Web Coding\For PHP codding\shanta\semister-project\vendor\laravel\framework\src\Illuminate\Routing\Pipeline.php(53): Illuminate\Pipeline\Pipeline->Illuminate\Pipeline\{closure}(Object(Illuminate\Http\Request))
#22 E:\For Codding\Web Coding\For PHP codding\shanta\semister-project\vendor\laravel\framework\src\Illuminate\Cookie\Middleware\AddQueuedCookiesToResponse.php(37): Illuminate\Routing\Pipeline->Illuminate\Routing\{closure}(Object(Illuminate\Http\Request))
#23 E:\For Codding\Web Coding\For PHP codding\shanta\semister-project\vendor\laravel\framework\src\Illuminate\Pipeline\Pipeline.php(148): Illuminate\Cookie\Middleware\AddQueuedCookiesToResponse->handle(Object(Illuminate\Http\Request), Object(Closure))
#24 E:\For Codding\Web Coding\For PHP codding\shanta\semister-project\vendor\laravel\framework\src\Illuminate\Routing\Pipeline.php(53): Illuminate\Pipeline\Pipeline->Illuminate\Pipeline\{closure}(Object(Illuminate\Http\Request))
#25 E:\For Codding\Web Coding\For PHP codding\shanta\semister-project\vendor\laravel\framework\src\Illuminate\Cookie\Middleware\EncryptCookies.php(59): Illuminate\Routing\Pipeline->Illuminate\Routing\{closure}(Object(Illuminate\Http\Request))
#26 E:\For Codding\Web Coding\For PHP codding\shanta\semister-project\vendor\laravel\framework\src\Illuminate\Pipeline\Pipeline.php(148): Illuminate\Cookie\Middleware\EncryptCookies->handle(Object(Illuminate\Http\Request), Object(Closure))
#27 E:\For Codding\Web Coding\For PHP codding\shanta\semister-project\vendor\laravel\framework\src\Illuminate\Routing\Pipeline.php(53): Illuminate\Pipeline\Pipeline->Illuminate\Pipeline\{closure}(Object(Illuminate\Http\Request))
#28 E:\For Codding\Web Coding\For PHP codding\shanta\semister-project\vendor\laravel\framework\src\Illuminate\Pipeline\Pipeline.php(102): Illuminate\Routing\Pipeline->Illuminate\Routing\{closure}(Object(Illuminate\Http\Request))
#29 E:\For Codding\Web Coding\For PHP codding\shanta\semister-project\vendor\laravel\framework\src\Illuminate\Routing\Router.php(576): Illuminate\Pipeline\Pipeline->then(Object(Closure))
#30 E:\For Codding\Web Coding\For PHP codding\shanta\semister-project\vendor\laravel\framework\src\Illuminate\Routing\Router.php(535): Illuminate\Routing\Router->runRouteWithinStack(Object(Illuminate\Routing\Route), Object(Illuminate\Http\Request))
#31 E:\For Codding\Web Coding\For PHP codding\shanta\semister-project\vendor\laravel\framework\src\Illuminate\Routing\Router.php(513): Illuminate\Routing\Router->dispatchToRoute(Object(Illuminate\Http\Request))
#32 E:\For Codding\Web Coding\For PHP codding\shanta\semister-project\vendor\laravel\framework\src\Illuminate\Foundation\Http\Kernel.php(174): Illuminate\Routing\Router->dispatch(Object(Illuminate\Http\Request))
#33 E:\For Codding\Web Coding\For PHP codding\shanta\semister-project\vendor\laravel\framework\src\Illuminate\Routing\Pipeline.php(30): Illuminate\Foundation\Http\Kernel->Illuminate\Foundation\Http\{closure}(Object(Illuminate\Http\Request))
#34 E:\For Codding\Web Coding\For PHP codding\shanta\semister-project\vendor\laravel\framework\src\Illuminate\Foundation\Http\Middleware\TransformsRequest.php(30): Illuminate\Routing\Pipeline->Illuminate\Routing\{closure}(Object(Illuminate\Http\Request))
#35 E:\For Codding\Web Coding\For PHP codding\shanta\semister-project\vendor\laravel\framework\src\Illuminate\Pipeline\Pipeline.php(148): Illuminate\Foundation\Http\Middleware\TransformsRequest->handle(Object(Illuminate\Http\Request), Object(Closure))
#36 E:\For Codding\Web Coding\For PHP codding\shanta\semister-project\vendor\laravel\framework\src\Illuminate\Routing\Pipeline.php(53): Illuminate\Pipeline\Pipeline->Illuminate\Pipeline\{closure}(Object(Illuminate\Http\Request))
#37 E:\For Codding\Web Coding\For PHP codding\shanta\semister-project\vendor\laravel\framework\src\Illuminate\Foundation\Http\Middleware\TransformsRequest.php(30): Illuminate\Routing\Pipeline->Illuminate\Routing\{closure}(Object(Illuminate\Http\Request))
#38 E:\For Codding\Web Coding\For PHP codding\shanta\semister-project\vendor\laravel\framework\src\Illuminate\Pipeline\Pipeline.php(148): Illuminate\Foundation\Http\Middleware\TransformsRequest->handle(Object(Illuminate\Http\Request), Object(Closure))
#39 E:\For Codding\Web Coding\For PHP codding\shanta\semister-project\vendor\laravel\framework\src\Illuminate\Routing\Pipeline.php(53): Illuminate\Pipeline\Pipeline->Illuminate\Pipeline\{closure}(Object(Illuminate\Http\Request))
#40 E:\For Codding\Web Coding\For PHP codding\shanta\semister-project\vendor\laravel\framework\src\Illuminate\Foundation\Http\Middleware\ValidatePostSize.php(27): Illuminate\Routing\Pipeline->Illuminate\Routing\{closure}(Object(Illuminate\Http\Request))
#41 E:\For Codding\Web Coding\For PHP codding\shanta\semister-project\vendor\laravel\framework\src\Illuminate\Pipeline\Pipeline.php(148): Illuminate\Foundation\Http\Middleware\ValidatePostSize->handle(Object(Illuminate\Http\Request), Object(Closure))
#42 E:\For Codding\Web Coding\For PHP codding\shanta\semister-project\vendor\laravel\framework\src\Illuminate\Routing\Pipeline.php(53): Illuminate\Pipeline\Pipeline->Illuminate\Pipeline\{closure}(Object(Illuminate\Http\Request))
#43 E:\For Codding\Web Coding\For PHP codding\shanta\semister-project\vendor\laravel\framework\src\Illuminate\Foundation\Http\Middleware\CheckForMaintenanceMode.php(46): Illuminate\Routing\Pipeline->Illuminate\Routing\{closure}(Object(Illuminate\Http\Request))
#44 E:\For Codding\Web Coding\For PHP codding\shanta\semister-project\vendor\laravel\framework\src\Illuminate\Pipeline\Pipeline.php(148): Illuminate\Foundation\Http\Middleware\CheckForMaintenanceMode->handle(Object(Illuminate\Http\Request), Object(Closure))
#45 E:\For Codding\Web Coding\For PHP codding\shanta\semister-project\vendor\laravel\framework\src\Illuminate\Routing\Pipeline.php(53): Illuminate\Pipeline\Pipeline->Illuminate\Pipeline\{closure}(Object(Illuminate\Http\Request))
#46 E:\For Codding\Web Coding\For PHP codding\shanta\semister-project\vendor\laravel\framework\src\Illuminate\Pipeline\Pipeline.php(102): Illuminate\Routing\Pipeline->Illuminate\Routing\{closure}(Object(Illuminate\Http\Request))
#47 E:\For Codding\Web Coding\For PHP codding\shanta\semister-project\vendor\laravel\framework\src\Illuminate\Foundation\Http\Kernel.php(149): Illuminate\Pipeline\Pipeline->then(Object(Closure))
#48 E:\For Codding\Web Coding\For PHP codding\shanta\semister-project\vendor\laravel\framework\src\Illuminate\Foundation\Http\Kernel.php(116): Illuminate\Foundation\Http\Kernel->sendRequestThroughRouter(Object(Illuminate\Http\Request))
#49 E:\For Codding\Web Coding\For PHP codding\shanta\semister-project\public\index.php(53): Illuminate\Foundation\Http\Kernel->handle(Object(Illuminate\Http\Request))
#50 E:\For Codding\Web Coding\For PHP codding\shanta\semister-project\server.php(21): require_once('E:\\For Codding\\...')
#51 {main}  
